{"/Users/xlameiro/Projects/me/testing-poc-4/next-leak/src/abandon-load.ts": {"path":"/Users/xlameiro/Projects/me/testing-poc-4/next-leak/src/abandon-load.ts","statementMap":{"0":{"start":{"line":40,"column":17},"end":{"line":40,"column":null}},"1":{"start":{"line":41,"column":15},"end":{"line":41,"column":null}},"2":{"start":{"line":42,"column":22},"end":{"line":44,"column":null}},"3":{"start":{"line":43,"column":28},"end":{"line":43,"column":51}},"4":{"start":{"line":46,"column":4},"end":{"line":49,"column":null}},"5":{"start":{"line":51,"column":37},"end":{"line":57,"column":null}},"6":{"start":{"line":58,"column":18},"end":{"line":58,"column":null}},"7":{"start":{"line":60,"column":17},"end":{"line":121,"column":null}},"8":{"start":{"line":61,"column":4},"end":{"line":120,"column":null}},"9":{"start":{"line":62,"column":6},"end":{"line":62,"column":null}},"10":{"start":{"line":63,"column":6},"end":{"line":119,"column":null}},"11":{"start":{"line":64,"column":23},"end":{"line":64,"column":null}},"12":{"start":{"line":65,"column":22},"end":{"line":65,"column":null}},"13":{"start":{"line":66,"column":30},"end":{"line":66,"column":null}},"14":{"start":{"line":68,"column":14},"end":{"line":76,"column":null}},"15":{"start":{"line":69,"column":10},"end":{"line":71,"column":null}},"16":{"start":{"line":70,"column":12},"end":{"line":70,"column":null}},"17":{"start":{"line":72,"column":10},"end":{"line":72,"column":null}},"18":{"start":{"line":73,"column":10},"end":{"line":73,"column":null}},"19":{"start":{"line":74,"column":10},"end":{"line":74,"column":null}},"20":{"start":{"line":75,"column":10},"end":{"line":75,"column":null}},"21":{"start":{"line":82,"column":8},"end":{"line":95,"column":null}},"22":{"start":{"line":83,"column":10},"end":{"line":83,"column":null}},"23":{"start":{"line":84,"column":10},"end":{"line":84,"column":null}},"24":{"start":{"line":85,"column":10},"end":{"line":93,"column":null}},"25":{"start":{"line":86,"column":12},"end":{"line":91,"column":null}},"26":{"start":{"line":87,"column":14},"end":{"line":87,"column":null}},"27":{"start":{"line":88,"column":14},"end":{"line":90,"column":null}},"28":{"start":{"line":89,"column":16},"end":{"line":89,"column":null}},"29":{"start":{"line":92,"column":12},"end":{"line":92,"column":null}},"30":{"start":{"line":94,"column":10},"end":{"line":94,"column":null}},"31":{"start":{"line":101,"column":8},"end":{"line":103,"column":null}},"32":{"start":{"line":102,"column":10},"end":{"line":102,"column":null}},"33":{"start":{"line":104,"column":8},"end":{"line":111,"column":null}},"34":{"start":{"line":106,"column":10},"end":{"line":108,"column":null}},"35":{"start":{"line":107,"column":12},"end":{"line":107,"column":null}},"36":{"start":{"line":109,"column":10},"end":{"line":109,"column":null}},"37":{"start":{"line":110,"column":10},"end":{"line":110,"column":null}},"38":{"start":{"line":112,"column":8},"end":{"line":118,"column":null}},"39":{"start":{"line":113,"column":10},"end":{"line":115,"column":null}},"40":{"start":{"line":114,"column":12},"end":{"line":114,"column":null}},"41":{"start":{"line":116,"column":10},"end":{"line":116,"column":null}},"42":{"start":{"line":117,"column":10},"end":{"line":117,"column":null}},"43":{"start":{"line":123,"column":2},"end":{"line":125,"column":null}},"44":{"start":{"line":124,"column":80},"end":{"line":124,"column":88}},"45":{"start":{"line":126,"column":2},"end":{"line":126,"column":null}}},"fnMap":{"0":{"name":"runAbandonPhase","decl":{"start":{"line":37,"column":22},"end":{"line":37,"column":null}},"loc":{"start":{"line":39,"column":31},"end":{"line":127,"column":null}},"line":39},"1":{"name":"(anonymous_1)","decl":{"start":{"line":43,"column":5},"end":{"line":43,"column":10}},"loc":{"start":{"line":43,"column":28},"end":{"line":43,"column":51}},"line":43},"2":{"name":"(anonymous_2)","decl":{"start":{"line":60,"column":17},"end":{"line":60,"column":44}},"loc":{"start":{"line":60,"column":44},"end":{"line":121,"column":null}},"line":60},"3":{"name":"(anonymous_3)","decl":{"start":{"line":63,"column":16},"end":{"line":63,"column":31}},"loc":{"start":{"line":63,"column":43},"end":{"line":119,"column":7}},"line":63},"4":{"name":"(anonymous_4)","decl":{"start":{"line":68,"column":14},"end":{"line":68,"column":35}},"loc":{"start":{"line":68,"column":35},"end":{"line":76,"column":null}},"line":68},"5":{"name":"(anonymous_5)","decl":{"start":{"line":82,"column":20},"end":{"line":82,"column":37}},"loc":{"start":{"line":82,"column":37},"end":{"line":95,"column":9}},"line":82},"6":{"name":"(anonymous_6)","decl":{"start":{"line":85,"column":18},"end":{"line":85,"column":35}},"loc":{"start":{"line":85,"column":35},"end":{"line":93,"column":13}},"line":85},"7":{"name":"(anonymous_7)","decl":{"start":{"line":101,"column":18},"end":{"line":101,"column":32}},"loc":{"start":{"line":101,"column":32},"end":{"line":103,"column":9}},"line":101},"8":{"name":"(anonymous_8)","decl":{"start":{"line":104,"column":20},"end":{"line":104,"column":33}},"loc":{"start":{"line":104,"column":33},"end":{"line":111,"column":9}},"line":104},"9":{"name":"(anonymous_9)","decl":{"start":{"line":112,"column":20},"end":{"line":112,"column":35}},"loc":{"start":{"line":112,"column":35},"end":{"line":118,"column":9}},"line":112},"10":{"name":"(anonymous_10)","decl":{"start":{"line":124,"column":71},"end":{"line":124,"column":80}},"loc":{"start":{"line":124,"column":80},"end":{"line":124,"column":88}},"line":124}},"branchMap":{"0":{"loc":{"start":{"line":41,"column":22},"end":{"line":41,"column":39}},"type":"binary-expr","locations":[{"start":{"line":41,"column":22},"end":{"line":41,"column":37}},{"start":{"line":41,"column":37},"end":{"line":41,"column":39}}],"line":41},"1":{"loc":{"start":{"line":42,"column":37},"end":{"line":42,"column":58}},"type":"binary-expr","locations":[{"start":{"line":42,"column":37},"end":{"line":42,"column":56}},{"start":{"line":42,"column":56},"end":{"line":42,"column":58}}],"line":42},"2":{"loc":{"start":{"line":69,"column":10},"end":{"line":71,"column":null}},"type":"if","locations":[{"start":{"line":69,"column":10},"end":{"line":71,"column":null}},{"start":{},"end":{}}],"line":69},"3":{"loc":{"start":{"line":86,"column":12},"end":{"line":91,"column":null}},"type":"if","locations":[{"start":{"line":86,"column":12},"end":{"line":91,"column":null}},{"start":{},"end":{}}],"line":86},"4":{"loc":{"start":{"line":88,"column":14},"end":{"line":90,"column":null}},"type":"if","locations":[{"start":{"line":88,"column":14},"end":{"line":90,"column":null}},{"start":{},"end":{}}],"line":88},"5":{"loc":{"start":{"line":106,"column":10},"end":{"line":108,"column":null}},"type":"if","locations":[{"start":{"line":106,"column":10},"end":{"line":108,"column":null}},{"start":{},"end":{}}],"line":106},"6":{"loc":{"start":{"line":113,"column":10},"end":{"line":115,"column":null}},"type":"if","locations":[{"start":{"line":113,"column":10},"end":{"line":115,"column":null}},{"start":{},"end":{}}],"line":113}},"s":{"0":7,"1":7,"2":7,"3":1,"4":7,"5":7,"6":7,"7":7,"8":127,"9":284,"10":284,"11":284,"12":284,"13":284,"14":284,"15":284,"16":0,"17":284,"18":284,"19":284,"20":284,"21":284,"22":284,"23":284,"24":284,"25":254,"26":254,"27":254,"28":20,"29":254,"30":284,"31":284,"32":50,"33":284,"34":30,"35":30,"36":30,"37":30,"38":284,"39":0,"40":0,"41":0,"42":0,"43":7,"44":127,"45":7},"f":{"0":7,"1":1,"2":127,"3":284,"4":284,"5":284,"6":254,"7":50,"8":30,"9":0,"10":127},"b":{"0":[7,0],"1":[7,6],"2":[0,284],"3":[254,0],"4":[20,234],"5":[30,0],"6":[0,0]},"meta":{"lastBranch":7,"lastFunction":11,"lastStatement":46,"seen":{"f:37:22:37:Infinity":0,"s:40:17:40:Infinity":0,"s:41:15:41:Infinity":1,"b:41:22:41:37:41:37:41:39":0,"s:42:22:44:Infinity":2,"b:42:37:42:56:42:56:42:58":1,"f:43:5:43:10":1,"s:43:28:43:51":3,"s:46:4:49:Infinity":4,"s:51:37:57:Infinity":5,"s:58:18:58:Infinity":6,"s:60:17:121:Infinity":7,"f:60:17:60:44":2,"s:61:4:120:Infinity":8,"s:62:6:62:Infinity":9,"s:63:6:119:Infinity":10,"f:63:16:63:31":3,"s:64:23:64:Infinity":11,"s:65:22:65:Infinity":12,"s:66:30:66:Infinity":13,"s:68:14:76:Infinity":14,"f:68:14:68:35":4,"b:69:10:71:Infinity:undefined:undefined:undefined:undefined":2,"s:69:10:71:Infinity":15,"s:70:12:70:Infinity":16,"s:72:10:72:Infinity":17,"s:73:10:73:Infinity":18,"s:74:10:74:Infinity":19,"s:75:10:75:Infinity":20,"s:82:8:95:Infinity":21,"f:82:20:82:37":5,"s:83:10:83:Infinity":22,"s:84:10:84:Infinity":23,"s:85:10:93:Infinity":24,"f:85:18:85:35":6,"b:86:12:91:Infinity:undefined:undefined:undefined:undefined":3,"s:86:12:91:Infinity":25,"s:87:14:87:Infinity":26,"b:88:14:90:Infinity:undefined:undefined:undefined:undefined":4,"s:88:14:90:Infinity":27,"s:89:16:89:Infinity":28,"s:92:12:92:Infinity":29,"s:94:10:94:Infinity":30,"s:101:8:103:Infinity":31,"f:101:18:101:32":7,"s:102:10:102:Infinity":32,"s:104:8:111:Infinity":33,"f:104:20:104:33":8,"b:106:10:108:Infinity:undefined:undefined:undefined:undefined":5,"s:106:10:108:Infinity":34,"s:107:12:107:Infinity":35,"s:109:10:109:Infinity":36,"s:110:10:110:Infinity":37,"s:112:8:118:Infinity":38,"f:112:20:112:35":9,"b:113:10:115:Infinity:undefined:undefined:undefined:undefined":6,"s:113:10:115:Infinity":39,"s:114:12:114:Infinity":40,"s:116:10:116:Infinity":41,"s:117:10:117:Infinity":42,"s:123:2:125:Infinity":43,"f:124:71:124:80":10,"s:124:80:124:88":44,"s:126:2:126:Infinity":45},"fnNames":{}}}
,"/Users/xlameiro/Projects/me/testing-poc-4/next-leak/src/attribution.ts": {"path":"/Users/xlameiro/Projects/me/testing-poc-4/next-leak/src/attribution.ts","statementMap":{"0":{"start":{"line":18,"column":41},"end":{"line":18,"column":null}},"1":{"start":{"line":27,"column":15},"end":{"line":27,"column":null}},"2":{"start":{"line":28,"column":2},"end":{"line":32,"column":null}},"3":{"start":{"line":29,"column":4},"end":{"line":29,"column":null}},"4":{"start":{"line":33,"column":27},"end":{"line":33,"column":null}},"5":{"start":{"line":34,"column":2},"end":{"line":44,"column":null}},"6":{"start":{"line":35,"column":17},"end":{"line":35,"column":null}},"7":{"start":{"line":36,"column":21},"end":{"line":36,"column":null}},"8":{"start":{"line":37,"column":10},"end":{"line":39,"column":null}},"9":{"start":{"line":40,"column":4},"end":{"line":42,"column":null}},"10":{"start":{"line":41,"column":6},"end":{"line":41,"column":null}},"11":{"start":{"line":43,"column":4},"end":{"line":43,"column":null}},"12":{"start":{"line":45,"column":2},"end":{"line":47,"column":null}},"13":{"start":{"line":46,"column":4},"end":{"line":46,"column":null}},"14":{"start":{"line":48,"column":19},"end":{"line":48,"column":null}},"15":{"start":{"line":49,"column":2},"end":{"line":51,"column":null}},"16":{"start":{"line":50,"column":4},"end":{"line":50,"column":null}},"17":{"start":{"line":54,"column":2},"end":{"line":54,"column":null}},"18":{"start":{"line":57,"column":46},"end":{"line":62,"column":null}},"19":{"start":{"line":73,"column":93},"end":{"line":84,"column":null}},"20":{"start":{"line":88,"column":2},"end":{"line":92,"column":null}},"21":{"start":{"line":89,"column":4},"end":{"line":91,"column":null}},"22":{"start":{"line":90,"column":6},"end":{"line":90,"column":null}},"23":{"start":{"line":93,"column":2},"end":{"line":93,"column":null}},"24":{"start":{"line":106,"column":33},"end":{"line":106,"column":null}},"25":{"start":{"line":107,"column":2},"end":{"line":116,"column":null}},"26":{"start":{"line":108,"column":19},"end":{"line":108,"column":null}},"27":{"start":{"line":109,"column":4},"end":{"line":111,"column":null}},"28":{"start":{"line":110,"column":6},"end":{"line":110,"column":null}},"29":{"start":{"line":112,"column":22},"end":{"line":112,"column":null}},"30":{"start":{"line":113,"column":4},"end":{"line":115,"column":null}},"31":{"start":{"line":114,"column":6},"end":{"line":114,"column":null}},"32":{"start":{"line":119,"column":2},"end":{"line":121,"column":null}},"33":{"start":{"line":120,"column":4},"end":{"line":120,"column":null}},"34":{"start":{"line":122,"column":2},"end":{"line":122,"column":null}},"35":{"start":{"line":137,"column":14},"end":{"line":137,"column":null}},"36":{"start":{"line":138,"column":19},"end":{"line":138,"column":null}},"37":{"start":{"line":138,"column":40},"end":{"line":138,"column":75}},"38":{"start":{"line":140,"column":18},"end":{"line":140,"column":null}},"39":{"start":{"line":141,"column":24},"end":{"line":141,"column":null}},"40":{"start":{"line":142,"column":2},"end":{"line":152,"column":null}},"41":{"start":{"line":143,"column":4},"end":{"line":145,"column":null}},"42":{"start":{"line":144,"column":6},"end":{"line":144,"column":null}},"43":{"start":{"line":146,"column":18},"end":{"line":146,"column":null}},"44":{"start":{"line":147,"column":4},"end":{"line":147,"column":null}},"45":{"start":{"line":148,"column":16},"end":{"line":148,"column":null}},"46":{"start":{"line":149,"column":18},"end":{"line":149,"column":null}},"47":{"start":{"line":150,"column":4},"end":{"line":150,"column":null}},"48":{"start":{"line":151,"column":4},"end":{"line":151,"column":null}},"49":{"start":{"line":154,"column":74},"end":{"line":154,"column":null}},"50":{"start":{"line":155,"column":2},"end":{"line":159,"column":null}},"51":{"start":{"line":156,"column":4},"end":{"line":158,"column":null}},"52":{"start":{"line":157,"column":6},"end":{"line":157,"column":null}},"53":{"start":{"line":162,"column":4},"end":{"line":164,"column":null}},"54":{"start":{"line":165,"column":2},"end":{"line":165,"column":null}}},"fnMap":{"0":{"name":"classifySource","decl":{"start":{"line":26,"column":16},"end":{"line":26,"column":31}},"loc":{"start":{"line":26,"column":70},"end":{"line":55,"column":null}},"line":26},"1":{"name":"classifyByChain","decl":{"start":{"line":87,"column":9},"end":{"line":87,"column":25}},"loc":{"start":{"line":87,"column":75},"end":{"line":94,"column":null}},"line":87},"2":{"name":"attributeFinding","decl":{"start":{"line":102,"column":16},"end":{"line":102,"column":null}},"loc":{"start":{"line":105,"column":22},"end":{"line":123,"column":null}},"line":105},"3":{"name":"attributeDiff","decl":{"start":{"line":136,"column":16},"end":{"line":136,"column":30}},"loc":{"start":{"line":136,"column":88},"end":{"line":166,"column":null}},"line":136},"4":{"name":"(anonymous_4)","decl":{"start":{"line":138,"column":23},"end":{"line":138,"column":28}},"loc":{"start":{"line":138,"column":40},"end":{"line":138,"column":75}},"line":138}},"branchMap":{"0":{"loc":{"start":{"line":34,"column":2},"end":{"line":44,"column":null}},"type":"if","locations":[{"start":{"line":34,"column":2},"end":{"line":44,"column":null}},{"start":{},"end":{}}],"line":34},"1":{"loc":{"start":{"line":35,"column":17},"end":{"line":35,"column":null}},"type":"binary-expr","locations":[{"start":{"line":35,"column":17},"end":{"line":35,"column":66}},{"start":{"line":35,"column":66},"end":{"line":35,"column":null}}],"line":35},"2":{"loc":{"start":{"line":37,"column":10},"end":{"line":39,"column":null}},"type":"binary-expr","locations":[{"start":{"line":38,"column":6},"end":{"line":38,"column":null}},{"start":{"line":39,"column":9},"end":{"line":39,"column":null}}],"line":37},"3":{"loc":{"start":{"line":38,"column":6},"end":{"line":38,"column":null}},"type":"cond-expr","locations":[{"start":{"line":38,"column":37},"end":{"line":38,"column":70}},{"start":{"line":38,"column":70},"end":{"line":38,"column":null}}],"line":38},"4":{"loc":{"start":{"line":40,"column":4},"end":{"line":42,"column":null}},"type":"if","locations":[{"start":{"line":40,"column":4},"end":{"line":42,"column":null}},{"start":{},"end":{}}],"line":40},"5":{"loc":{"start":{"line":40,"column":8},"end":{"line":40,"column":90}},"type":"binary-expr","locations":[{"start":{"line":40,"column":8},"end":{"line":40,"column":34}},{"start":{"line":40,"column":34},"end":{"line":40,"column":61}},{"start":{"line":40,"column":61},"end":{"line":40,"column":90}}],"line":40},"6":{"loc":{"start":{"line":45,"column":2},"end":{"line":47,"column":null}},"type":"if","locations":[{"start":{"line":45,"column":2},"end":{"line":47,"column":null}},{"start":{},"end":{}}],"line":45},"7":{"loc":{"start":{"line":49,"column":2},"end":{"line":51,"column":null}},"type":"if","locations":[{"start":{"line":49,"column":2},"end":{"line":51,"column":null}},{"start":{},"end":{}}],"line":49},"8":{"loc":{"start":{"line":49,"column":6},"end":{"line":49,"column":56}},"type":"binary-expr","locations":[{"start":{"line":49,"column":6},"end":{"line":49,"column":29}},{"start":{"line":49,"column":29},"end":{"line":49,"column":56}}],"line":49},"9":{"loc":{"start":{"line":89,"column":4},"end":{"line":91,"column":null}},"type":"if","locations":[{"start":{"line":89,"column":4},"end":{"line":91,"column":null}},{"start":{},"end":{}}],"line":89},"10":{"loc":{"start":{"line":109,"column":4},"end":{"line":111,"column":null}},"type":"if","locations":[{"start":{"line":109,"column":4},"end":{"line":111,"column":null}},{"start":{},"end":{}}],"line":109},"11":{"loc":{"start":{"line":113,"column":4},"end":{"line":115,"column":null}},"type":"if","locations":[{"start":{"line":113,"column":4},"end":{"line":115,"column":null}},{"start":{},"end":{}}],"line":113},"12":{"loc":{"start":{"line":119,"column":2},"end":{"line":121,"column":null}},"type":"if","locations":[{"start":{"line":119,"column":2},"end":{"line":121,"column":null}},{"start":{},"end":{}}],"line":119},"13":{"loc":{"start":{"line":120,"column":11},"end":{"line":120,"column":null}},"type":"binary-expr","locations":[{"start":{"line":120,"column":11},"end":{"line":120,"column":59}},{"start":{"line":120,"column":59},"end":{"line":120,"column":null}}],"line":120},"14":{"loc":{"start":{"line":120,"column":27},"end":{"line":120,"column":54}},"type":"binary-expr","locations":[{"start":{"line":120,"column":27},"end":{"line":120,"column":52}},{"start":{"line":120,"column":52},"end":{"line":120,"column":54}}],"line":120},"15":{"loc":{"start":{"line":143,"column":4},"end":{"line":145,"column":null}},"type":"if","locations":[{"start":{"line":143,"column":4},"end":{"line":145,"column":null}},{"start":{},"end":{}}],"line":143},"16":{"loc":{"start":{"line":146,"column":18},"end":{"line":146,"column":null}},"type":"binary-expr","locations":[{"start":{"line":146,"column":18},"end":{"line":146,"column":47}},{"start":{"line":146,"column":47},"end":{"line":146,"column":null}}],"line":146},"17":{"loc":{"start":{"line":148,"column":40},"end":{"line":148,"column":65}},"type":"binary-expr","locations":[{"start":{"line":148,"column":40},"end":{"line":148,"column":62}},{"start":{"line":148,"column":62},"end":{"line":148,"column":65}}],"line":148},"18":{"loc":{"start":{"line":148,"column":68},"end":{"line":148,"column":null}},"type":"binary-expr","locations":[{"start":{"line":148,"column":68},"end":{"line":148,"column":95}},{"start":{"line":148,"column":95},"end":{"line":148,"column":null}}],"line":148},"19":{"loc":{"start":{"line":149,"column":18},"end":{"line":149,"column":null}},"type":"binary-expr","locations":[{"start":{"line":149,"column":18},"end":{"line":149,"column":38}},{"start":{"line":149,"column":38},"end":{"line":149,"column":null}}],"line":149},"20":{"loc":{"start":{"line":156,"column":4},"end":{"line":158,"column":null}},"type":"if","locations":[{"start":{"line":156,"column":4},"end":{"line":158,"column":null}},{"start":{},"end":{}}],"line":156},"21":{"loc":{"start":{"line":156,"column":8},"end":{"line":156,"column":55}},"type":"binary-expr","locations":[{"start":{"line":156,"column":8},"end":{"line":156,"column":27}},{"start":{"line":156,"column":27},"end":{"line":156,"column":55}}],"line":156},"22":{"loc":{"start":{"line":162,"column":4},"end":{"line":164,"column":null}},"type":"cond-expr","locations":[{"start":{"line":163,"column":8},"end":{"line":163,"column":null}},{"start":{"line":164,"column":8},"end":{"line":164,"column":null}}],"line":162},"23":{"loc":{"start":{"line":162,"column":4},"end":{"line":162,"column":null}},"type":"binary-expr","locations":[{"start":{"line":162,"column":4},"end":{"line":162,"column":23}},{"start":{"line":162,"column":23},"end":{"line":162,"column":null}}],"line":162}},"s":{"0":3,"1":27,"2":27,"3":27,"4":27,"5":27,"6":11,"7":11,"8":11,"9":11,"10":5,"11":6,"12":16,"13":12,"14":4,"15":4,"16":1,"17":3,"18":3,"19":3,"20":9,"21":66,"22":3,"23":6,"24":22,"25":22,"26":19,"27":19,"28":3,"29":16,"30":16,"31":15,"32":22,"33":9,"34":13,"35":6,"36":6,"37":9,"38":6,"39":6,"40":6,"41":9,"42":2,"43":7,"44":9,"45":9,"46":9,"47":9,"48":9,"49":6,"50":6,"51":7,"52":5,"53":6,"54":6},"f":{"0":27,"1":9,"2":22,"3":6,"4":9},"b":{"0":[11,16],"1":[11,0],"2":[11,0],"3":[2,9],"4":[5,6],"5":[11,6,6],"6":[12,4],"7":[1,3],"8":[4,2],"9":[3,63],"10":[3,16],"11":[15,1],"12":[9,13],"13":[9,6],"14":[9,0],"15":[2,7],"16":[7,0],"17":[9,2],"18":[9,5],"19":[9,7],"20":[5,2],"21":[7,2],"22":[1,5],"23":[6,5]},"meta":{"lastBranch":24,"lastFunction":5,"lastStatement":55,"seen":{"s:18:41:18:Infinity":0,"f:26:16:26:31":0,"s:27:15:27:Infinity":1,"s:28:2:32:Infinity":2,"s:29:4:29:Infinity":3,"s:33:27:33:Infinity":4,"b:34:2:44:Infinity:undefined:undefined:undefined:undefined":0,"s:34:2:44:Infinity":5,"s:35:17:35:Infinity":6,"b:35:17:35:66:35:66:35:Infinity":1,"s:36:21:36:Infinity":7,"s:37:10:39:Infinity":8,"b:38:6:38:Infinity:39:9:39:Infinity":2,"b:38:37:38:70:38:70:38:Infinity":3,"b:40:4:42:Infinity:undefined:undefined:undefined:undefined":4,"s:40:4:42:Infinity":9,"b:40:8:40:34:40:34:40:61:40:61:40:90":5,"s:41:6:41:Infinity":10,"s:43:4:43:Infinity":11,"b:45:2:47:Infinity:undefined:undefined:undefined:undefined":6,"s:45:2:47:Infinity":12,"s:46:4:46:Infinity":13,"s:48:19:48:Infinity":14,"b:49:2:51:Infinity:undefined:undefined:undefined:undefined":7,"s:49:2:51:Infinity":15,"b:49:6:49:29:49:29:49:56":8,"s:50:4:50:Infinity":16,"s:54:2:54:Infinity":17,"s:57:46:62:Infinity":18,"s:73:93:84:Infinity":19,"f:87:9:87:25":1,"s:88:2:92:Infinity":20,"b:89:4:91:Infinity:undefined:undefined:undefined:undefined":9,"s:89:4:91:Infinity":21,"s:90:6:90:Infinity":22,"s:93:2:93:Infinity":23,"f:102:16:102:Infinity":2,"s:106:33:106:Infinity":24,"s:107:2:116:Infinity":25,"s:108:19:108:Infinity":26,"b:109:4:111:Infinity:undefined:undefined:undefined:undefined":10,"s:109:4:111:Infinity":27,"s:110:6:110:Infinity":28,"s:112:22:112:Infinity":29,"b:113:4:115:Infinity:undefined:undefined:undefined:undefined":11,"s:113:4:115:Infinity":30,"s:114:6:114:Infinity":31,"b:119:2:121:Infinity:undefined:undefined:undefined:undefined":12,"s:119:2:121:Infinity":32,"s:120:4:120:Infinity":33,"b:120:11:120:59:120:59:120:Infinity":13,"b:120:27:120:52:120:52:120:54":14,"s:122:2:122:Infinity":34,"f:136:16:136:30":3,"s:137:14:137:Infinity":35,"s:138:19:138:Infinity":36,"f:138:23:138:28":4,"s:138:40:138:75":37,"s:140:18:140:Infinity":38,"s:141:24:141:Infinity":39,"s:142:2:152:Infinity":40,"b:143:4:145:Infinity:undefined:undefined:undefined:undefined":15,"s:143:4:145:Infinity":41,"s:144:6:144:Infinity":42,"s:146:18:146:Infinity":43,"b:146:18:146:47:146:47:146:Infinity":16,"s:147:4:147:Infinity":44,"s:148:16:148:Infinity":45,"b:148:40:148:62:148:62:148:65":17,"b:148:68:148:95:148:95:148:Infinity":18,"s:149:18:149:Infinity":46,"b:149:18:149:38:149:38:149:Infinity":19,"s:150:4:150:Infinity":47,"s:151:4:151:Infinity":48,"s:154:74:154:Infinity":49,"s:155:2:159:Infinity":50,"b:156:4:158:Infinity:undefined:undefined:undefined:undefined":20,"s:156:4:158:Infinity":51,"b:156:8:156:27:156:27:156:55":21,"s:157:6:157:Infinity":52,"s:162:4:164:Infinity":53,"b:163:8:163:Infinity:164:8:164:Infinity":22,"b:162:4:162:23:162:23:162:Infinity":23,"s:165:2:165:Infinity":54},"fnNames":{}}}
,"/Users/xlameiro/Projects/me/testing-poc-4/next-leak/src/bootstrap.ts": {"path":"/Users/xlameiro/Projects/me/testing-poc-4/next-leak/src/bootstrap.ts","statementMap":{"0":{"start":{"line":11,"column":16},"end":{"line":11,"column":null}},"1":{"start":{"line":13,"column":0},"end":{"line":28,"column":null}},"2":{"start":{"line":14,"column":2},"end":{"line":27,"column":null}},"3":{"start":{"line":15,"column":4},"end":{"line":15,"column":null}},"4":{"start":{"line":16,"column":19},"end":{"line":16,"column":null}},"5":{"start":{"line":21,"column":4},"end":{"line":24,"column":null}},"6":{"start":{"line":26,"column":4},"end":{"line":26,"column":null}}},"fnMap":{},"branchMap":{"0":{"loc":{"start":{"line":13,"column":0},"end":{"line":28,"column":null}},"type":"if","locations":[{"start":{"line":13,"column":0},"end":{"line":28,"column":null}},{"start":{},"end":{}}],"line":13},"1":{"loc":{"start":{"line":13,"column":4},"end":{"line":13,"column":45}},"type":"binary-expr","locations":[{"start":{"line":13,"column":4},"end":{"line":13,"column":29}},{"start":{"line":13,"column":29},"end":{"line":13,"column":45}}],"line":13}},"s":{"0":0,"1":0,"2":0,"3":0,"4":0,"5":0,"6":0},"f":{},"b":{"0":[0,0],"1":[0,0]},"meta":{"lastBranch":2,"lastFunction":0,"lastStatement":7,"seen":{"s:11:16:11:Infinity":0,"b:13:0:28:Infinity:undefined:undefined:undefined:undefined":0,"s:13:0:28:Infinity":1,"b:13:4:13:29:13:29:13:45":1,"s:14:2:27:Infinity":2,"s:15:4:15:Infinity":3,"s:16:19:16:Infinity":4,"s:21:4:24:Infinity":5,"s:26:4:26:Infinity":6},"fnNames":{}}}
,"/Users/xlameiro/Projects/me/testing-poc-4/next-leak/src/cli-args.ts": {"path":"/Users/xlameiro/Projects/me/testing-poc-4/next-leak/src/cli-args.ts","statementMap":{"0":{"start":{"line":28,"column":26},"end":{"line":48,"column":null}},"1":{"start":{"line":51,"column":15},"end":{"line":54,"column":null}},"2":{"start":{"line":52,"column":17},"end":{"line":52,"column":null}},"3":{"start":{"line":53,"column":4},"end":{"line":53,"column":null}},"4":{"start":{"line":55,"column":2},"end":{"line":70,"column":null}},"5":{"start":{"line":78,"column":51},"end":{"line":83,"column":null}},"6":{"start":{"line":86,"column":2},"end":{"line":86,"column":null}},"7":{"start":{"line":86,"column":30},"end":{"line":86,"column":79}},"8":{"start":{"line":91,"column":6},"end":{"line":91,"column":null}},"9":{"start":{"line":91,"column":53},"end":{"line":91,"column":null}},"10":{"start":{"line":92,"column":29},"end":{"line":92,"column":null}},"11":{"start":{"line":95,"column":17},"end":{"line":95,"column":null}},"12":{"start":{"line":95,"column":49},"end":{"line":95,"column":61}},"13":{"start":{"line":95,"column":81},"end":{"line":95,"column":93}},"14":{"start":{"line":96,"column":2},"end":{"line":99,"column":null}},"15":{"start":{"line":98,"column":4},"end":{"line":98,"column":null}},"16":{"start":{"line":100,"column":2},"end":{"line":100,"column":null}},"17":{"start":{"line":101,"column":2},"end":{"line":101,"column":null}},"18":{"start":{"line":105,"column":17},"end":{"line":105,"column":null}},"19":{"start":{"line":106,"column":2},"end":{"line":108,"column":null}},"20":{"start":{"line":107,"column":4},"end":{"line":107,"column":null}},"21":{"start":{"line":109,"column":18},"end":{"line":109,"column":null}},"22":{"start":{"line":110,"column":2},"end":{"line":114,"column":null}},"23":{"start":{"line":111,"column":4},"end":{"line":113,"column":null}},"24":{"start":{"line":115,"column":2},"end":{"line":117,"column":null}},"25":{"start":{"line":116,"column":4},"end":{"line":116,"column":null}},"26":{"start":{"line":118,"column":2},"end":{"line":118,"column":null}},"27":{"start":{"line":118,"column":27},"end":{"line":118,"column":null}},"28":{"start":{"line":119,"column":2},"end":{"line":119,"column":null}},"29":{"start":{"line":119,"column":29},"end":{"line":119,"column":null}},"30":{"start":{"line":120,"column":2},"end":{"line":120,"column":null}},"31":{"start":{"line":120,"column":32},"end":{"line":120,"column":null}},"32":{"start":{"line":121,"column":2},"end":{"line":121,"column":null}},"33":{"start":{"line":121,"column":25},"end":{"line":121,"column":null}},"34":{"start":{"line":122,"column":2},"end":{"line":122,"column":null}},"35":{"start":{"line":126,"column":2},"end":{"line":145,"column":null}},"36":{"start":{"line":128,"column":6},"end":{"line":128,"column":null}},"37":{"start":{"line":133,"column":6},"end":{"line":133,"column":null}},"38":{"start":{"line":135,"column":6},"end":{"line":135,"column":null}},"39":{"start":{"line":136,"column":6},"end":{"line":136,"column":null}},"40":{"start":{"line":138,"column":6},"end":{"line":138,"column":null}},"41":{"start":{"line":139,"column":6},"end":{"line":139,"column":null}},"42":{"start":{"line":141,"column":6},"end":{"line":141,"column":null}},"43":{"start":{"line":142,"column":6},"end":{"line":142,"column":null}},"44":{"start":{"line":144,"column":6},"end":{"line":144,"column":null}},"45":{"start":{"line":150,"column":2},"end":{"line":152,"column":null}},"46":{"start":{"line":151,"column":4},"end":{"line":151,"column":null}},"47":{"start":{"line":153,"column":16},"end":{"line":153,"column":null}},"48":{"start":{"line":155,"column":30},"end":{"line":155,"column":null}},"49":{"start":{"line":156,"column":2},"end":{"line":158,"column":null}},"50":{"start":{"line":157,"column":4},"end":{"line":157,"column":null}},"51":{"start":{"line":159,"column":2},"end":{"line":159,"column":null}},"52":{"start":{"line":166,"column":19},"end":{"line":166,"column":null}},"53":{"start":{"line":167,"column":15},"end":{"line":167,"column":null}},"54":{"start":{"line":168,"column":2},"end":{"line":170,"column":null}},"55":{"start":{"line":169,"column":4},"end":{"line":169,"column":null}},"56":{"start":{"line":171,"column":2},"end":{"line":173,"column":null}},"57":{"start":{"line":172,"column":4},"end":{"line":172,"column":null}},"58":{"start":{"line":174,"column":2},"end":{"line":176,"column":null}},"59":{"start":{"line":175,"column":4},"end":{"line":175,"column":null}},"60":{"start":{"line":177,"column":15},"end":{"line":177,"column":null}},"61":{"start":{"line":178,"column":2},"end":{"line":180,"column":null}},"62":{"start":{"line":179,"column":4},"end":{"line":179,"column":null}},"63":{"start":{"line":181,"column":18},"end":{"line":181,"column":null}},"64":{"start":{"line":182,"column":2},"end":{"line":184,"column":null}},"65":{"start":{"line":183,"column":4},"end":{"line":183,"column":null}},"66":{"start":{"line":185,"column":2},"end":{"line":185,"column":null}},"67":{"start":{"line":189,"column":33},"end":{"line":199,"column":null}},"68":{"start":{"line":201,"column":2},"end":{"line":215,"column":null}},"69":{"start":{"line":201,"column":19},"end":{"line":201,"column":22}},"70":{"start":{"line":202,"column":21},"end":{"line":202,"column":null}},"71":{"start":{"line":203,"column":4},"end":{"line":209,"column":null}},"72":{"start":{"line":204,"column":6},"end":{"line":206,"column":null}},"73":{"start":{"line":205,"column":8},"end":{"line":205,"column":null}},"74":{"start":{"line":207,"column":6},"end":{"line":207,"column":null}},"75":{"start":{"line":208,"column":6},"end":{"line":208,"column":null}},"76":{"start":{"line":210,"column":17},"end":{"line":210,"column":null}},"77":{"start":{"line":211,"column":4},"end":{"line":213,"column":null}},"78":{"start":{"line":212,"column":6},"end":{"line":212,"column":null}},"79":{"start":{"line":214,"column":4},"end":{"line":214,"column":null}},"80":{"start":{"line":217,"column":2},"end":{"line":219,"column":null}},"81":{"start":{"line":218,"column":4},"end":{"line":218,"column":null}},"82":{"start":{"line":220,"column":2},"end":{"line":220,"column":null}}},"fnMap":{"0":{"name":"helpText","decl":{"start":{"line":50,"column":16},"end":{"line":50,"column":25}},"loc":{"start":{"line":50,"column":50},"end":{"line":75,"column":null}},"line":50},"1":{"name":"(anonymous_1)","decl":{"start":{"line":51,"column":21},"end":{"line":51,"column":26}},"loc":{"start":{"line":51,"column":35},"end":{"line":54,"column":3}},"line":51},"2":{"name":"findSpec","decl":{"start":{"line":85,"column":9},"end":{"line":85,"column":18}},"loc":{"start":{"line":85,"column":58},"end":{"line":87,"column":null}},"line":85},"3":{"name":"(anonymous_3)","decl":{"start":{"line":86,"column":15},"end":{"line":86,"column":21}},"loc":{"start":{"line":86,"column":30},"end":{"line":86,"column":79}},"line":86},"4":{"name":"(anonymous_4)","decl":{"start":{"line":91,"column":6},"end":{"line":91,"column":19}},"loc":{"start":{"line":91,"column":53},"end":{"line":91,"column":null}},"line":91},"5":{"name":"applyRoutesFlag","decl":{"start":{"line":94,"column":9},"end":{"line":94,"column":25}},"loc":{"start":{"line":94,"column":77},"end":{"line":102,"column":null}},"line":94},"6":{"name":"(anonymous_6)","decl":{"start":{"line":95,"column":34},"end":{"line":95,"column":39}},"loc":{"start":{"line":95,"column":49},"end":{"line":95,"column":61}},"line":95},"7":{"name":"(anonymous_7)","decl":{"start":{"line":95,"column":63},"end":{"line":95,"column":71}},"loc":{"start":{"line":95,"column":81},"end":{"line":95,"column":93}},"line":95},"8":{"name":"applyNumericFlag","decl":{"start":{"line":104,"column":9},"end":{"line":104,"column":26}},"loc":{"start":{"line":104,"column":92},"end":{"line":123,"column":null}},"line":104},"9":{"name":"applyFlag","decl":{"start":{"line":125,"column":9},"end":{"line":125,"column":19}},"loc":{"start":{"line":125,"column":87},"end":{"line":146,"column":null}},"line":125},"10":{"name":"readFlagValue","decl":{"start":{"line":149,"column":9},"end":{"line":149,"column":23}},"loc":{"start":{"line":149,"column":109},"end":{"line":160,"column":null}},"line":149},"11":{"name":"parseFlagAt","decl":{"start":{"line":165,"column":9},"end":{"line":165,"column":21}},"loc":{"start":{"line":165,"column":86},"end":{"line":186,"column":null}},"line":165},"12":{"name":"parseCliArgs","decl":{"start":{"line":188,"column":16},"end":{"line":188,"column":29}},"loc":{"start":{"line":188,"column":56},"end":{"line":221,"column":null}},"line":188}},"branchMap":{"0":{"loc":{"start":{"line":52,"column":20},"end":{"line":52,"column":58}},"type":"cond-expr","locations":[{"start":{"line":52,"column":33},"end":{"line":52,"column":53}},{"start":{"line":52,"column":53},"end":{"line":52,"column":58}}],"line":52},"1":{"loc":{"start":{"line":52,"column":70},"end":{"line":52,"column":null}},"type":"cond-expr","locations":[{"start":{"line":52,"column":85},"end":{"line":52,"column":106}},{"start":{"line":52,"column":106},"end":{"line":52,"column":null}}],"line":52},"2":{"loc":{"start":{"line":86,"column":30},"end":{"line":86,"column":79}},"type":"binary-expr","locations":[{"start":{"line":86,"column":30},"end":{"line":86,"column":56}},{"start":{"line":86,"column":56},"end":{"line":86,"column":79}}],"line":86},"3":{"loc":{"start":{"line":96,"column":2},"end":{"line":99,"column":null}},"type":"if","locations":[{"start":{"line":96,"column":2},"end":{"line":99,"column":null}},{"start":{},"end":{}}],"line":96},"4":{"loc":{"start":{"line":106,"column":2},"end":{"line":108,"column":null}},"type":"if","locations":[{"start":{"line":106,"column":2},"end":{"line":108,"column":null}},{"start":{},"end":{}}],"line":106},"5":{"loc":{"start":{"line":106,"column":6},"end":{"line":106,"column":48}},"type":"binary-expr","locations":[{"start":{"line":106,"column":6},"end":{"line":106,"column":35}},{"start":{"line":106,"column":35},"end":{"line":106,"column":48}}],"line":106},"6":{"loc":{"start":{"line":110,"column":2},"end":{"line":114,"column":null}},"type":"if","locations":[{"start":{"line":110,"column":2},"end":{"line":114,"column":null}},{"start":{},"end":{}}],"line":110},"7":{"loc":{"start":{"line":110,"column":6},"end":{"line":110,"column":49}},"type":"binary-expr","locations":[{"start":{"line":110,"column":6},"end":{"line":110,"column":31}},{"start":{"line":110,"column":31},"end":{"line":110,"column":49}}],"line":110},"8":{"loc":{"start":{"line":115,"column":2},"end":{"line":117,"column":null}},"type":"if","locations":[{"start":{"line":115,"column":2},"end":{"line":117,"column":null}},{"start":{},"end":{}}],"line":115},"9":{"loc":{"start":{"line":115,"column":6},"end":{"line":115,"column":41}},"type":"binary-expr","locations":[{"start":{"line":115,"column":6},"end":{"line":115,"column":29}},{"start":{"line":115,"column":29},"end":{"line":115,"column":41}}],"line":115},"10":{"loc":{"start":{"line":118,"column":2},"end":{"line":118,"column":null}},"type":"if","locations":[{"start":{"line":118,"column":2},"end":{"line":118,"column":null}},{"start":{},"end":{}}],"line":118},"11":{"loc":{"start":{"line":119,"column":2},"end":{"line":119,"column":null}},"type":"if","locations":[{"start":{"line":119,"column":2},"end":{"line":119,"column":null}},{"start":{},"end":{}}],"line":119},"12":{"loc":{"start":{"line":120,"column":2},"end":{"line":120,"column":null}},"type":"if","locations":[{"start":{"line":120,"column":2},"end":{"line":120,"column":null}},{"start":{},"end":{}}],"line":120},"13":{"loc":{"start":{"line":121,"column":2},"end":{"line":121,"column":null}},"type":"if","locations":[{"start":{"line":121,"column":2},"end":{"line":121,"column":null}},{"start":{},"end":{}}],"line":121},"14":{"loc":{"start":{"line":126,"column":2},"end":{"line":145,"column":null}},"type":"switch","locations":[{"start":{"line":127,"column":4},"end":{"line":128,"column":null}},{"start":{"line":129,"column":4},"end":{"line":129,"column":null}},{"start":{"line":130,"column":4},"end":{"line":130,"column":null}},{"start":{"line":131,"column":4},"end":{"line":131,"column":null}},{"start":{"line":132,"column":4},"end":{"line":133,"column":null}},{"start":{"line":134,"column":4},"end":{"line":136,"column":null}},{"start":{"line":137,"column":4},"end":{"line":139,"column":null}},{"start":{"line":140,"column":4},"end":{"line":142,"column":null}},{"start":{"line":143,"column":4},"end":{"line":144,"column":null}}],"line":126},"15":{"loc":{"start":{"line":150,"column":2},"end":{"line":152,"column":null}},"type":"if","locations":[{"start":{"line":150,"column":2},"end":{"line":152,"column":null}},{"start":{},"end":{}}],"line":150},"16":{"loc":{"start":{"line":153,"column":16},"end":{"line":153,"column":null}},"type":"binary-expr","locations":[{"start":{"line":153,"column":16},"end":{"line":153,"column":35}},{"start":{"line":153,"column":35},"end":{"line":153,"column":null}}],"line":153},"17":{"loc":{"start":{"line":156,"column":2},"end":{"line":158,"column":null}},"type":"if","locations":[{"start":{"line":156,"column":2},"end":{"line":158,"column":null}},{"start":{},"end":{}}],"line":156},"18":{"loc":{"start":{"line":156,"column":6},"end":{"line":156,"column":71}},"type":"binary-expr","locations":[{"start":{"line":156,"column":6},"end":{"line":156,"column":23}},{"start":{"line":156,"column":23},"end":{"line":156,"column":48}},{"start":{"line":156,"column":48},"end":{"line":156,"column":71}}],"line":156},"19":{"loc":{"start":{"line":157,"column":59},"end":{"line":157,"column":80}},"type":"binary-expr","locations":[{"start":{"line":157,"column":59},"end":{"line":157,"column":75}},{"start":{"line":157,"column":75},"end":{"line":157,"column":80}}],"line":157},"20":{"loc":{"start":{"line":166,"column":19},"end":{"line":166,"column":null}},"type":"binary-expr","locations":[{"start":{"line":166,"column":19},"end":{"line":166,"column":34}},{"start":{"line":166,"column":34},"end":{"line":166,"column":null}}],"line":166},"21":{"loc":{"start":{"line":168,"column":2},"end":{"line":170,"column":null}},"type":"if","locations":[{"start":{"line":168,"column":2},"end":{"line":170,"column":null}},{"start":{},"end":{}}],"line":168},"22":{"loc":{"start":{"line":171,"column":2},"end":{"line":173,"column":null}},"type":"if","locations":[{"start":{"line":171,"column":2},"end":{"line":173,"column":null}},{"start":{},"end":{}}],"line":171},"23":{"loc":{"start":{"line":174,"column":2},"end":{"line":176,"column":null}},"type":"if","locations":[{"start":{"line":174,"column":2},"end":{"line":176,"column":null}},{"start":{},"end":{}}],"line":174},"24":{"loc":{"start":{"line":178,"column":2},"end":{"line":180,"column":null}},"type":"if","locations":[{"start":{"line":178,"column":2},"end":{"line":180,"column":null}},{"start":{},"end":{}}],"line":178},"25":{"loc":{"start":{"line":182,"column":2},"end":{"line":184,"column":null}},"type":"if","locations":[{"start":{"line":182,"column":2},"end":{"line":184,"column":null}},{"start":{},"end":{}}],"line":182},"26":{"loc":{"start":{"line":185,"column":21},"end":{"line":185,"column":51}},"type":"cond-expr","locations":[{"start":{"line":185,"column":45},"end":{"line":185,"column":49}},{"start":{"line":185,"column":49},"end":{"line":185,"column":51}}],"line":185},"27":{"loc":{"start":{"line":202,"column":21},"end":{"line":202,"column":null}},"type":"binary-expr","locations":[{"start":{"line":202,"column":21},"end":{"line":202,"column":36}},{"start":{"line":202,"column":36},"end":{"line":202,"column":null}}],"line":202},"28":{"loc":{"start":{"line":203,"column":4},"end":{"line":209,"column":null}},"type":"if","locations":[{"start":{"line":203,"column":4},"end":{"line":209,"column":null}},{"start":{},"end":{}}],"line":203},"29":{"loc":{"start":{"line":204,"column":6},"end":{"line":206,"column":null}},"type":"if","locations":[{"start":{"line":204,"column":6},"end":{"line":206,"column":null}},{"start":{},"end":{}}],"line":204},"30":{"loc":{"start":{"line":211,"column":4},"end":{"line":213,"column":null}},"type":"if","locations":[{"start":{"line":211,"column":4},"end":{"line":213,"column":null}},{"start":{},"end":{}}],"line":211},"31":{"loc":{"start":{"line":217,"column":2},"end":{"line":219,"column":null}},"type":"if","locations":[{"start":{"line":217,"column":2},"end":{"line":219,"column":null}},{"start":{},"end":{}}],"line":217}},"s":{"0":1,"1":3,"2":30,"3":30,"4":3,"5":1,"6":53,"7":221,"8":1,"9":23,"10":1,"11":4,"12":9,"13":9,"14":4,"15":1,"16":3,"17":3,"18":33,"19":33,"20":10,"21":23,"22":23,"23":10,"24":13,"25":2,"26":11,"27":5,"28":11,"29":2,"30":11,"31":2,"32":11,"33":2,"34":11,"35":42,"36":4,"37":33,"38":3,"39":3,"40":1,"41":1,"42":1,"43":1,"44":0,"45":47,"46":4,"47":43,"48":47,"49":47,"50":5,"51":38,"52":53,"53":53,"54":53,"55":1,"56":52,"57":3,"58":49,"59":2,"60":47,"61":47,"62":5,"63":42,"64":42,"65":23,"66":19,"67":47,"68":47,"69":47,"70":98,"71":98,"72":45,"73":1,"74":44,"75":44,"76":53,"77":53,"78":34,"79":19,"80":12,"81":1,"82":11},"f":{"0":3,"1":30,"2":53,"3":221,"4":23,"5":4,"6":9,"7":9,"8":33,"9":42,"10":47,"11":53,"12":47},"b":{"0":[6,24],"1":[18,12],"2":[221,171],"3":[1,3],"4":[10,23],"5":[33,29],"6":[10,13],"7":[23,23],"8":[2,11],"9":[13,7],"10":[5,6],"11":[2,9],"12":[2,9],"13":[2,9],"14":[4,14,22,27,33,3,1,1,0],"15":[4,43],"16":[43,1],"17":[5,42],"18":[47,42,7],"19":[5,0],"20":[53,0],"21":[1,52],"22":[3,49],"23":[2,47],"24":[5,42],"25":[23,19],"26":[4,15],"27":[98,0],"28":[45,53],"29":[1,44],"30":[34,19],"31":[1,11]},"meta":{"lastBranch":32,"lastFunction":13,"lastStatement":83,"seen":{"s:28:26:48:Infinity":0,"f:50:16:50:25":0,"s:51:15:54:Infinity":1,"f:51:21:51:26":1,"s:52:17:52:Infinity":2,"b:52:33:52:53:52:53:52:58":0,"b:52:85:52:106:52:106:52:Infinity":1,"s:53:4:53:Infinity":3,"s:55:2:70:Infinity":4,"s:78:51:83:Infinity":5,"f:85:9:85:18":2,"s:86:2:86:Infinity":6,"f:86:15:86:21":3,"s:86:30:86:79":7,"b:86:30:86:56:86:56:86:79":2,"s:91:6:91:Infinity":8,"f:91:6:91:19":4,"s:91:53:91:Infinity":9,"s:92:29:92:Infinity":10,"f:94:9:94:25":5,"s:95:17:95:Infinity":11,"f:95:34:95:39":6,"s:95:49:95:61":12,"f:95:63:95:71":7,"s:95:81:95:93":13,"b:96:2:99:Infinity:undefined:undefined:undefined:undefined":3,"s:96:2:99:Infinity":14,"s:98:4:98:Infinity":15,"s:100:2:100:Infinity":16,"s:101:2:101:Infinity":17,"f:104:9:104:26":8,"s:105:17:105:Infinity":18,"b:106:2:108:Infinity:undefined:undefined:undefined:undefined":4,"s:106:2:108:Infinity":19,"b:106:6:106:35:106:35:106:48":5,"s:107:4:107:Infinity":20,"s:109:18:109:Infinity":21,"b:110:2:114:Infinity:undefined:undefined:undefined:undefined":6,"s:110:2:114:Infinity":22,"b:110:6:110:31:110:31:110:49":7,"s:111:4:113:Infinity":23,"b:115:2:117:Infinity:undefined:undefined:undefined:undefined":8,"s:115:2:117:Infinity":24,"b:115:6:115:29:115:29:115:41":9,"s:116:4:116:Infinity":25,"b:118:2:118:Infinity:undefined:undefined:undefined:undefined":10,"s:118:2:118:Infinity":26,"s:118:27:118:Infinity":27,"b:119:2:119:Infinity:undefined:undefined:undefined:undefined":11,"s:119:2:119:Infinity":28,"s:119:29:119:Infinity":29,"b:120:2:120:Infinity:undefined:undefined:undefined:undefined":12,"s:120:2:120:Infinity":30,"s:120:32:120:Infinity":31,"b:121:2:121:Infinity:undefined:undefined:undefined:undefined":13,"s:121:2:121:Infinity":32,"s:121:25:121:Infinity":33,"s:122:2:122:Infinity":34,"f:125:9:125:19":9,"b:127:4:128:Infinity:129:4:129:Infinity:130:4:130:Infinity:131:4:131:Infinity:132:4:133:Infinity:134:4:136:Infinity:137:4:139:Infinity:140:4:142:Infinity:143:4:144:Infinity":14,"s:126:2:145:Infinity":35,"s:128:6:128:Infinity":36,"s:133:6:133:Infinity":37,"s:135:6:135:Infinity":38,"s:136:6:136:Infinity":39,"s:138:6:138:Infinity":40,"s:139:6:139:Infinity":41,"s:141:6:141:Infinity":42,"s:142:6:142:Infinity":43,"s:144:6:144:Infinity":44,"f:149:9:149:23":10,"b:150:2:152:Infinity:undefined:undefined:undefined:undefined":15,"s:150:2:152:Infinity":45,"s:151:4:151:Infinity":46,"s:153:16:153:Infinity":47,"b:153:16:153:35:153:35:153:Infinity":16,"s:155:30:155:Infinity":48,"b:156:2:158:Infinity:undefined:undefined:undefined:undefined":17,"s:156:2:158:Infinity":49,"b:156:6:156:23:156:23:156:48:156:48:156:71":18,"s:157:4:157:Infinity":50,"b:157:59:157:75:157:75:157:80":19,"s:159:2:159:Infinity":51,"f:165:9:165:21":11,"s:166:19:166:Infinity":52,"b:166:19:166:34:166:34:166:Infinity":20,"s:167:15:167:Infinity":53,"b:168:2:170:Infinity:undefined:undefined:undefined:undefined":21,"s:168:2:170:Infinity":54,"s:169:4:169:Infinity":55,"b:171:2:173:Infinity:undefined:undefined:undefined:undefined":22,"s:171:2:173:Infinity":56,"s:172:4:172:Infinity":57,"b:174:2:176:Infinity:undefined:undefined:undefined:undefined":23,"s:174:2:176:Infinity":58,"s:175:4:175:Infinity":59,"s:177:15:177:Infinity":60,"b:178:2:180:Infinity:undefined:undefined:undefined:undefined":24,"s:178:2:180:Infinity":61,"s:179:4:179:Infinity":62,"s:181:18:181:Infinity":63,"b:182:2:184:Infinity:undefined:undefined:undefined:undefined":25,"s:182:2:184:Infinity":64,"s:183:4:183:Infinity":65,"s:185:2:185:Infinity":66,"b:185:45:185:49:185:49:185:51":26,"f:188:16:188:29":12,"s:189:33:199:Infinity":67,"s:201:2:215:Infinity":68,"s:201:19:201:22":69,"s:202:21:202:Infinity":70,"b:202:21:202:36:202:36:202:Infinity":27,"b:203:4:209:Infinity:undefined:undefined:undefined:undefined":28,"s:203:4:209:Infinity":71,"b:204:6:206:Infinity:undefined:undefined:undefined:undefined":29,"s:204:6:206:Infinity":72,"s:205:8:205:Infinity":73,"s:207:6:207:Infinity":74,"s:208:6:208:Infinity":75,"s:210:17:210:Infinity":76,"b:211:4:213:Infinity:undefined:undefined:undefined:undefined":30,"s:211:4:213:Infinity":77,"s:212:6:212:Infinity":78,"s:214:4:214:Infinity":79,"b:217:2:219:Infinity:undefined:undefined:undefined:undefined":31,"s:217:2:219:Infinity":80,"s:218:4:218:Infinity":81,"s:220:2:220:Infinity":82},"fnNames":{}}}
,"/Users/xlameiro/Projects/me/testing-poc-4/next-leak/src/cli.ts": {"path":"/Users/xlameiro/Projects/me/testing-poc-4/next-leak/src/cli.ts","statementMap":{"0":{"start":{"line":13,"column":16},"end":{"line":13,"column":null}},"1":{"start":{"line":14,"column":20},"end":{"line":14,"column":null}},"2":{"start":{"line":16,"column":26},"end":{"line":16,"column":null}},"3":{"start":{"line":17,"column":20},"end":{"line":17,"column":null}},"4":{"start":{"line":20,"column":2},"end":{"line":23,"column":null}},"5":{"start":{"line":33,"column":16},"end":{"line":36,"column":null}},"6":{"start":{"line":37,"column":2},"end":{"line":39,"column":null}},"7":{"start":{"line":38,"column":4},"end":{"line":38,"column":null}},"8":{"start":{"line":38,"column":33},"end":{"line":38,"column":55}},"9":{"start":{"line":40,"column":2},"end":{"line":42,"column":null}},"10":{"start":{"line":41,"column":4},"end":{"line":41,"column":null}},"11":{"start":{"line":50,"column":18},"end":{"line":50,"column":null}},"12":{"start":{"line":51,"column":19},"end":{"line":51,"column":null}},"13":{"start":{"line":52,"column":2},"end":{"line":62,"column":null}},"14":{"start":{"line":53,"column":4},"end":{"line":61,"column":null}},"15":{"start":{"line":54,"column":6},"end":{"line":54,"column":null}},"16":{"start":{"line":55,"column":6},"end":{"line":57,"column":null}},"17":{"start":{"line":56,"column":8},"end":{"line":56,"column":null}},"18":{"start":{"line":58,"column":6},"end":{"line":58,"column":null}},"19":{"start":{"line":59,"column":6},"end":{"line":59,"column":null}},"20":{"start":{"line":60,"column":6},"end":{"line":60,"column":null}},"21":{"start":{"line":63,"column":2},"end":{"line":63,"column":null}},"22":{"start":{"line":67,"column":17},"end":{"line":67,"column":null}},"23":{"start":{"line":69,"column":2},"end":{"line":72,"column":null}},"24":{"start":{"line":70,"column":4},"end":{"line":70,"column":null}},"25":{"start":{"line":71,"column":4},"end":{"line":71,"column":null}},"26":{"start":{"line":73,"column":2},"end":{"line":77,"column":null}},"27":{"start":{"line":74,"column":4},"end":{"line":74,"column":null}},"28":{"start":{"line":75,"column":4},"end":{"line":75,"column":null}},"29":{"start":{"line":76,"column":4},"end":{"line":76,"column":null}},"30":{"start":{"line":78,"column":2},"end":{"line":82,"column":null}},"31":{"start":{"line":79,"column":4},"end":{"line":79,"column":null}},"32":{"start":{"line":80,"column":4},"end":{"line":80,"column":null}},"33":{"start":{"line":81,"column":4},"end":{"line":81,"column":null}},"34":{"start":{"line":84,"column":23},"end":{"line":84,"column":36}},"35":{"start":{"line":85,"column":2},"end":{"line":89,"column":null}},"36":{"start":{"line":86,"column":4},"end":{"line":86,"column":null}},"37":{"start":{"line":87,"column":4},"end":{"line":87,"column":null}},"38":{"start":{"line":88,"column":4},"end":{"line":88,"column":null}},"39":{"start":{"line":91,"column":2},"end":{"line":94,"column":null}},"40":{"start":{"line":92,"column":4},"end":{"line":92,"column":null}},"41":{"start":{"line":93,"column":4},"end":{"line":93,"column":null}},"42":{"start":{"line":96,"column":18},"end":{"line":96,"column":null}},"43":{"start":{"line":98,"column":22},"end":{"line":98,"column":null}},"44":{"start":{"line":102,"column":22},"end":{"line":104,"column":null}},"45":{"start":{"line":105,"column":17},"end":{"line":118,"column":null}},"46":{"start":{"line":117,"column":29},"end":{"line":117,"column":null}},"47":{"start":{"line":119,"column":2},"end":{"line":119,"column":null}},"48":{"start":{"line":120,"column":2},"end":{"line":122,"column":null}},"49":{"start":{"line":121,"column":4},"end":{"line":121,"column":null}},"50":{"start":{"line":125,"column":0},"end":{"line":132,"column":null}},"51":{"start":{"line":126,"column":2},"end":{"line":130,"column":null}},"52":{"start":{"line":127,"column":4},"end":{"line":127,"column":null}},"53":{"start":{"line":129,"column":4},"end":{"line":129,"column":null}},"54":{"start":{"line":131,"column":2},"end":{"line":131,"column":null}}},"fnMap":{"0":{"name":"hasHeapHeadroom","decl":{"start":{"line":19,"column":9},"end":{"line":19,"column":36}},"loc":{"start":{"line":19,"column":36},"end":{"line":25,"column":null}},"line":19},"1":{"name":"reexecWithHeadroom","decl":{"start":{"line":32,"column":9},"end":{"line":32,"column":36}},"loc":{"start":{"line":32,"column":36},"end":{"line":43,"column":null}},"line":32},"2":{"name":"(anonymous_2)","decl":{"start":{"line":38,"column":15},"end":{"line":38,"column":33}},"loc":{"start":{"line":38,"column":33},"end":{"line":38,"column":55}},"line":38},"3":{"name":"(anonymous_3)","decl":{"start":{"line":40,"column":13},"end":{"line":40,"column":22}},"loc":{"start":{"line":40,"column":39},"end":{"line":42,"column":3}},"line":40},"4":{"name":"installInterruptHandlers","decl":{"start":{"line":49,"column":9},"end":{"line":49,"column":53}},"loc":{"start":{"line":49,"column":53},"end":{"line":64,"column":null}},"line":49},"5":{"name":"(anonymous_5)","decl":{"start":{"line":53,"column":15},"end":{"line":53,"column":33}},"loc":{"start":{"line":53,"column":33},"end":{"line":61,"column":5}},"line":53},"6":{"name":"main","decl":{"start":{"line":66,"column":15},"end":{"line":66,"column":37}},"loc":{"start":{"line":66,"column":37},"end":{"line":123,"column":null}},"line":66},"7":{"name":"(anonymous_7)","decl":{"start":{"line":117,"column":4},"end":{"line":117,"column":17}},"loc":{"start":{"line":117,"column":29},"end":{"line":117,"column":null}},"line":117},"8":{"name":"(anonymous_8)","decl":{"start":{"line":125,"column":7},"end":{"line":125,"column":14}},"loc":{"start":{"line":125,"column":33},"end":{"line":132,"column":1}},"line":125}},"branchMap":{"0":{"loc":{"start":{"line":21,"column":4},"end":{"line":23,"column":null}},"type":"binary-expr","locations":[{"start":{"line":21,"column":4},"end":{"line":21,"column":null}},{"start":{"line":21,"column":81},"end":{"line":22,"column":null}},{"start":{"line":23,"column":4},"end":{"line":23,"column":null}}],"line":21},"1":{"loc":{"start":{"line":41,"column":17},"end":{"line":41,"column":56}},"type":"binary-expr","locations":[{"start":{"line":41,"column":17},"end":{"line":41,"column":26}},{"start":{"line":41,"column":26},"end":{"line":41,"column":56}}],"line":41},"2":{"loc":{"start":{"line":41,"column":26},"end":{"line":41,"column":56}},"type":"cond-expr","locations":[{"start":{"line":41,"column":48},"end":{"line":41,"column":54}},{"start":{"line":41,"column":54},"end":{"line":41,"column":56}}],"line":41},"3":{"loc":{"start":{"line":55,"column":6},"end":{"line":57,"column":null}},"type":"if","locations":[{"start":{"line":55,"column":6},"end":{"line":57,"column":null}},{"start":{},"end":{}}],"line":55},"4":{"loc":{"start":{"line":69,"column":2},"end":{"line":72,"column":null}},"type":"if","locations":[{"start":{"line":69,"column":2},"end":{"line":72,"column":null}},{"start":{},"end":{}}],"line":69},"5":{"loc":{"start":{"line":73,"column":2},"end":{"line":77,"column":null}},"type":"if","locations":[{"start":{"line":73,"column":2},"end":{"line":77,"column":null}},{"start":{},"end":{}}],"line":73},"6":{"loc":{"start":{"line":75,"column":23},"end":{"line":75,"column":null}},"type":"cond-expr","locations":[{"start":{"line":75,"column":49},"end":{"line":75,"column":53}},{"start":{"line":75,"column":53},"end":{"line":75,"column":null}}],"line":75},"7":{"loc":{"start":{"line":78,"column":2},"end":{"line":82,"column":null}},"type":"if","locations":[{"start":{"line":78,"column":2},"end":{"line":82,"column":null}},{"start":{},"end":{}}],"line":78},"8":{"loc":{"start":{"line":85,"column":2},"end":{"line":89,"column":null}},"type":"if","locations":[{"start":{"line":85,"column":2},"end":{"line":89,"column":null}},{"start":{},"end":{}}],"line":85},"9":{"loc":{"start":{"line":91,"column":2},"end":{"line":94,"column":null}},"type":"if","locations":[{"start":{"line":91,"column":2},"end":{"line":94,"column":null}},{"start":{},"end":{}}],"line":91},"10":{"loc":{"start":{"line":102,"column":22},"end":{"line":104,"column":null}},"type":"cond-expr","locations":[{"start":{"line":103,"column":6},"end":{"line":103,"column":null}},{"start":{"line":104,"column":6},"end":{"line":104,"column":null}}],"line":102},"11":{"loc":{"start":{"line":110,"column":8},"end":{"line":110,"column":null}},"type":"binary-expr","locations":[{"start":{"line":110,"column":8},"end":{"line":110,"column":35}},{"start":{"line":110,"column":35},"end":{"line":110,"column":null}}],"line":110},"12":{"loc":{"start":{"line":111,"column":8},"end":{"line":111,"column":null}},"type":"binary-expr","locations":[{"start":{"line":111,"column":8},"end":{"line":111,"column":35}},{"start":{"line":111,"column":35},"end":{"line":111,"column":null}}],"line":111},"13":{"loc":{"start":{"line":112,"column":8},"end":{"line":112,"column":null}},"type":"binary-expr","locations":[{"start":{"line":112,"column":8},"end":{"line":112,"column":37}},{"start":{"line":112,"column":37},"end":{"line":112,"column":null}}],"line":112},"14":{"loc":{"start":{"line":113,"column":8},"end":{"line":113,"column":null}},"type":"binary-expr","locations":[{"start":{"line":113,"column":8},"end":{"line":113,"column":40}},{"start":{"line":113,"column":40},"end":{"line":113,"column":null}}],"line":113},"15":{"loc":{"start":{"line":114,"column":8},"end":{"line":114,"column":null}},"type":"binary-expr","locations":[{"start":{"line":114,"column":8},"end":{"line":114,"column":40}},{"start":{"line":114,"column":40},"end":{"line":114,"column":null}}],"line":114},"16":{"loc":{"start":{"line":115,"column":8},"end":{"line":115,"column":null}},"type":"binary-expr","locations":[{"start":{"line":115,"column":8},"end":{"line":115,"column":27}},{"start":{"line":115,"column":27},"end":{"line":115,"column":null}}],"line":115},"17":{"loc":{"start":{"line":116,"column":8},"end":{"line":116,"column":null}},"type":"binary-expr","locations":[{"start":{"line":116,"column":8},"end":{"line":116,"column":35}},{"start":{"line":116,"column":35},"end":{"line":116,"column":null}}],"line":116},"18":{"loc":{"start":{"line":120,"column":2},"end":{"line":122,"column":null}},"type":"if","locations":[{"start":{"line":120,"column":2},"end":{"line":122,"column":null}},{"start":{},"end":{}}],"line":120},"19":{"loc":{"start":{"line":126,"column":2},"end":{"line":130,"column":null}},"type":"if","locations":[{"start":{"line":126,"column":2},"end":{"line":130,"column":null}},{"start":{"line":128,"column":9},"end":{"line":130,"column":null}}],"line":126},"20":{"loc":{"start":{"line":126,"column":6},"end":{"line":126,"column":73}},"type":"binary-expr","locations":[{"start":{"line":126,"column":6},"end":{"line":126,"column":38}},{"start":{"line":126,"column":38},"end":{"line":126,"column":73}}],"line":126}},"s":{"0":0,"1":0,"2":0,"3":0,"4":0,"5":0,"6":0,"7":0,"8":0,"9":0,"10":0,"11":0,"12":0,"13":0,"14":0,"15":0,"16":0,"17":0,"18":0,"19":0,"20":0,"21":0,"22":0,"23":0,"24":0,"25":0,"26":0,"27":0,"28":0,"29":0,"30":0,"31":0,"32":0,"33":0,"34":0,"35":0,"36":0,"37":0,"38":0,"39":0,"40":0,"41":0,"42":0,"43":0,"44":0,"45":0,"46":0,"47":0,"48":0,"49":0,"50":0,"51":0,"52":0,"53":0,"54":0},"f":{"0":0,"1":0,"2":0,"3":0,"4":0,"5":0,"6":0,"7":0,"8":0},"b":{"0":[0,0,0],"1":[0,0],"2":[0,0],"3":[0,0],"4":[0,0],"5":[0,0],"6":[0,0],"7":[0,0],"8":[0,0],"9":[0,0],"10":[0,0],"11":[0,0],"12":[0,0],"13":[0,0],"14":[0,0],"15":[0,0],"16":[0,0],"17":[0,0],"18":[0,0],"19":[0,0],"20":[0,0]},"meta":{"lastBranch":21,"lastFunction":9,"lastStatement":55,"seen":{"s:13:16:13:Infinity":0,"s:14:20:14:Infinity":1,"s:16:26:16:Infinity":2,"s:17:20:17:Infinity":3,"f:19:9:19:36":0,"s:20:2:23:Infinity":4,"b:21:4:21:Infinity:21:81:22:Infinity:23:4:23:Infinity":0,"f:32:9:32:36":1,"s:33:16:36:Infinity":5,"s:37:2:39:Infinity":6,"s:38:4:38:Infinity":7,"f:38:15:38:33":2,"s:38:33:38:55":8,"s:40:2:42:Infinity":9,"f:40:13:40:22":3,"s:41:4:41:Infinity":10,"b:41:17:41:26:41:26:41:56":1,"b:41:48:41:54:41:54:41:56":2,"f:49:9:49:53":4,"s:50:18:50:Infinity":11,"s:51:19:51:Infinity":12,"s:52:2:62:Infinity":13,"s:53:4:61:Infinity":14,"f:53:15:53:33":5,"s:54:6:54:Infinity":15,"b:55:6:57:Infinity:undefined:undefined:undefined:undefined":3,"s:55:6:57:Infinity":16,"s:56:8:56:Infinity":17,"s:58:6:58:Infinity":18,"s:59:6:59:Infinity":19,"s:60:6:60:Infinity":20,"s:63:2:63:Infinity":21,"f:66:15:66:37":6,"s:67:17:67:Infinity":22,"b:69:2:72:Infinity:undefined:undefined:undefined:undefined":4,"s:69:2:72:Infinity":23,"s:70:4:70:Infinity":24,"s:71:4:71:Infinity":25,"b:73:2:77:Infinity:undefined:undefined:undefined:undefined":5,"s:73:2:77:Infinity":26,"s:74:4:74:Infinity":27,"s:75:4:75:Infinity":28,"b:75:49:75:53:75:53:75:Infinity":6,"s:76:4:76:Infinity":29,"b:78:2:82:Infinity:undefined:undefined:undefined:undefined":7,"s:78:2:82:Infinity":30,"s:79:4:79:Infinity":31,"s:80:4:80:Infinity":32,"s:81:4:81:Infinity":33,"s:84:23:84:36":34,"b:85:2:89:Infinity:undefined:undefined:undefined:undefined":8,"s:85:2:89:Infinity":35,"s:86:4:86:Infinity":36,"s:87:4:87:Infinity":37,"s:88:4:88:Infinity":38,"b:91:2:94:Infinity:undefined:undefined:undefined:undefined":9,"s:91:2:94:Infinity":39,"s:92:4:92:Infinity":40,"s:93:4:93:Infinity":41,"s:96:18:96:Infinity":42,"s:98:22:98:Infinity":43,"s:102:22:104:Infinity":44,"b:103:6:103:Infinity:104:6:104:Infinity":10,"s:105:17:118:Infinity":45,"b:110:8:110:35:110:35:110:Infinity":11,"b:111:8:111:35:111:35:111:Infinity":12,"b:112:8:112:37:112:37:112:Infinity":13,"b:113:8:113:40:113:40:113:Infinity":14,"b:114:8:114:40:114:40:114:Infinity":15,"b:115:8:115:27:115:27:115:Infinity":16,"b:116:8:116:35:116:35:116:Infinity":17,"f:117:4:117:17":7,"s:117:29:117:Infinity":46,"s:119:2:119:Infinity":47,"b:120:2:122:Infinity:undefined:undefined:undefined:undefined":18,"s:120:2:122:Infinity":48,"s:121:4:121:Infinity":49,"s:125:0:132:Infinity":50,"f:125:7:125:14":8,"b:126:2:130:Infinity:128:9:130:Infinity":19,"s:126:2:130:Infinity":51,"b:126:6:126:38:126:38:126:73":20,"s:127:4:127:Infinity":52,"s:129:4:129:Infinity":53,"s:131:2:131:Infinity":54},"fnNames":{}}}
,"/Users/xlameiro/Projects/me/testing-poc-4/next-leak/src/confidence.ts": {"path":"/Users/xlameiro/Projects/me/testing-poc-4/next-leak/src/confidence.ts","statementMap":{"0":{"start":{"line":67,"column":2},"end":{"line":67,"column":null}},"1":{"start":{"line":75,"column":52},"end":{"line":78,"column":null}},"2":{"start":{"line":94,"column":2},"end":{"line":96,"column":null}},"3":{"start":{"line":96,"column":50},"end":{"line":96,"column":85}},"4":{"start":{"line":100,"column":27},"end":{"line":100,"column":null}},"5":{"start":{"line":103,"column":30},"end":{"line":103,"column":null}},"6":{"start":{"line":105,"column":32},"end":{"line":105,"column":null}},"7":{"start":{"line":107,"column":25},"end":{"line":107,"column":null}},"8":{"start":{"line":109,"column":20},"end":{"line":109,"column":null}},"9":{"start":{"line":111,"column":29},"end":{"line":111,"column":null}},"10":{"start":{"line":113,"column":6},"end":{"line":113,"column":null}},"11":{"start":{"line":113,"column":38},"end":{"line":113,"column":null}},"12":{"start":{"line":114,"column":6},"end":{"line":115,"column":null}},"13":{"start":{"line":115,"column":2},"end":{"line":115,"column":null}},"14":{"start":{"line":118,"column":41},"end":{"line":118,"column":null}},"15":{"start":{"line":119,"column":17},"end":{"line":119,"column":null}},"16":{"start":{"line":119,"column":46},"end":{"line":119,"column":73}},"17":{"start":{"line":120,"column":2},"end":{"line":128,"column":null}},"18":{"start":{"line":121,"column":4},"end":{"line":127,"column":null}},"19":{"start":{"line":125,"column":35},"end":{"line":125,"column":48}},"20":{"start":{"line":129,"column":21},"end":{"line":129,"column":null}},"21":{"start":{"line":129,"column":50},"end":{"line":129,"column":78}},"22":{"start":{"line":130,"column":2},"end":{"line":138,"column":null}},"23":{"start":{"line":131,"column":4},"end":{"line":137,"column":null}},"24":{"start":{"line":135,"column":39},"end":{"line":135,"column":52}},"25":{"start":{"line":139,"column":2},"end":{"line":139,"column":null}},"26":{"start":{"line":143,"column":20},"end":{"line":143,"column":null}},"27":{"start":{"line":144,"column":2},"end":{"line":152,"column":null}},"28":{"start":{"line":145,"column":4},"end":{"line":151,"column":null}},"29":{"start":{"line":157,"column":20},"end":{"line":157,"column":null}},"30":{"start":{"line":158,"column":2},"end":{"line":167,"column":null}},"31":{"start":{"line":159,"column":4},"end":{"line":166,"column":null}},"32":{"start":{"line":168,"column":2},"end":{"line":168,"column":null}},"33":{"start":{"line":175,"column":41},"end":{"line":175,"column":null}},"34":{"start":{"line":176,"column":2},"end":{"line":190,"column":null}},"35":{"start":{"line":177,"column":4},"end":{"line":180,"column":null}},"36":{"start":{"line":178,"column":6},"end":{"line":178,"column":null}},"37":{"start":{"line":179,"column":6},"end":{"line":179,"column":null}},"38":{"start":{"line":181,"column":19},"end":{"line":181,"column":null}},"39":{"start":{"line":182,"column":4},"end":{"line":189,"column":null}},"40":{"start":{"line":183,"column":6},"end":{"line":188,"column":null}},"41":{"start":{"line":191,"column":2},"end":{"line":191,"column":null}},"42":{"start":{"line":195,"column":17},"end":{"line":195,"column":null}},"43":{"start":{"line":196,"column":2},"end":{"line":198,"column":null}},"44":{"start":{"line":197,"column":4},"end":{"line":197,"column":null}},"45":{"start":{"line":199,"column":19},"end":{"line":199,"column":null}},"46":{"start":{"line":199,"column":50},"end":{"line":199,"column":59}},"47":{"start":{"line":200,"column":2},"end":{"line":202,"column":null}},"48":{"start":{"line":201,"column":4},"end":{"line":201,"column":null}},"49":{"start":{"line":203,"column":19},"end":{"line":203,"column":null}},"50":{"start":{"line":204,"column":18},"end":{"line":204,"column":null}},"51":{"start":{"line":205,"column":2},"end":{"line":207,"column":null}},"52":{"start":{"line":206,"column":4},"end":{"line":206,"column":null}},"53":{"start":{"line":208,"column":2},"end":{"line":214,"column":null}},"54":{"start":{"line":218,"column":2},"end":{"line":220,"column":null}},"55":{"start":{"line":219,"column":4},"end":{"line":219,"column":null}},"56":{"start":{"line":221,"column":2},"end":{"line":227,"column":null}},"57":{"start":{"line":238,"column":2},"end":{"line":240,"column":null}},"58":{"start":{"line":239,"column":4},"end":{"line":239,"column":null}},"59":{"start":{"line":242,"column":4},"end":{"line":243,"column":null}},"60":{"start":{"line":243,"column":44},"end":{"line":243,"column":71}},"61":{"start":{"line":245,"column":4},"end":{"line":247,"column":null}},"62":{"start":{"line":247,"column":30},"end":{"line":247,"column":72}},"63":{"start":{"line":248,"column":2},"end":{"line":248,"column":null}},"64":{"start":{"line":261,"column":20},"end":{"line":261,"column":null}},"65":{"start":{"line":262,"column":19},"end":{"line":267,"column":null}},"66":{"start":{"line":269,"column":2},"end":{"line":273,"column":null}}},"fnMap":{"0":{"name":"effectiveVerdict","decl":{"start":{"line":63,"column":16},"end":{"line":63,"column":33}},"loc":{"start":{"line":66,"column":17},"end":{"line":68,"column":null}},"line":66},"1":{"name":"warrantsIssueDraft","decl":{"start":{"line":90,"column":16},"end":{"line":90,"column":35}},"loc":{"start":{"line":93,"column":12},"end":{"line":98,"column":null}},"line":93},"2":{"name":"(anonymous_2)","decl":{"start":{"line":96,"column":32},"end":{"line":96,"column":38}},"loc":{"start":{"line":96,"column":50},"end":{"line":96,"column":85}},"line":96},"3":{"name":"(anonymous_3)","decl":{"start":{"line":113,"column":6},"end":{"line":113,"column":12}},"loc":{"start":{"line":113,"column":38},"end":{"line":113,"column":null}},"line":113},"4":{"name":"(anonymous_4)","decl":{"start":{"line":114,"column":6},"end":{"line":114,"column":13}},"loc":{"start":{"line":115,"column":2},"end":{"line":115,"column":null}},"line":115},"5":{"name":"settleWarnings","decl":{"start":{"line":117,"column":9},"end":{"line":117,"column":24}},"loc":{"start":{"line":117,"column":82},"end":{"line":140,"column":null}},"line":117},"6":{"name":"(anonymous_6)","decl":{"start":{"line":119,"column":26},"end":{"line":119,"column":34}},"loc":{"start":{"line":119,"column":46},"end":{"line":119,"column":73}},"line":119},"7":{"name":"(anonymous_7)","decl":{"start":{"line":125,"column":18},"end":{"line":125,"column":23}},"loc":{"start":{"line":125,"column":35},"end":{"line":125,"column":48}},"line":125},"8":{"name":"(anonymous_8)","decl":{"start":{"line":129,"column":30},"end":{"line":129,"column":38}},"loc":{"start":{"line":129,"column":50},"end":{"line":129,"column":78}},"line":129},"9":{"name":"(anonymous_9)","decl":{"start":{"line":135,"column":22},"end":{"line":135,"column":27}},"loc":{"start":{"line":135,"column":39},"end":{"line":135,"column":52}},"line":135},"10":{"name":"abandonmentWarnings","decl":{"start":{"line":142,"column":9},"end":{"line":142,"column":29}},"loc":{"start":{"line":142,"column":73},"end":{"line":169,"column":null}},"line":142},"11":{"name":"loadWarnings","decl":{"start":{"line":171,"column":9},"end":{"line":171,"column":null}},"loc":{"start":{"line":174,"column":24},"end":{"line":192,"column":null}},"line":174},"12":{"name":"growthShapeWarnings","decl":{"start":{"line":194,"column":9},"end":{"line":194,"column":29}},"loc":{"start":{"line":194,"column":71},"end":{"line":215,"column":null}},"line":194},"13":{"name":"(anonymous_13)","decl":{"start":{"line":199,"column":32},"end":{"line":199,"column":40}},"loc":{"start":{"line":199,"column":50},"end":{"line":199,"column":59}},"line":199},"14":{"name":"noiseFloorWarnings","decl":{"start":{"line":217,"column":9},"end":{"line":217,"column":28}},"loc":{"start":{"line":217,"column":89},"end":{"line":228,"column":null}},"line":217},"15":{"name":"isVerdictInvalid","decl":{"start":{"line":237,"column":9},"end":{"line":237,"column":26}},"loc":{"start":{"line":237,"column":59},"end":{"line":249,"column":null}},"line":237},"16":{"name":"(anonymous_16)","decl":{"start":{"line":243,"column":25},"end":{"line":243,"column":32}},"loc":{"start":{"line":243,"column":44},"end":{"line":243,"column":71}},"line":243},"17":{"name":"(anonymous_17)","decl":{"start":{"line":247,"column":23},"end":{"line":247,"column":30}},"loc":{"start":{"line":247,"column":30},"end":{"line":247,"column":72}},"line":247},"18":{"name":"assessConfidence","decl":{"start":{"line":260,"column":16},"end":{"line":260,"column":33}},"loc":{"start":{"line":260,"column":75},"end":{"line":274,"column":null}},"line":260}},"branchMap":{"0":{"loc":{"start":{"line":67,"column":9},"end":{"line":67,"column":null}},"type":"binary-expr","locations":[{"start":{"line":67,"column":9},"end":{"line":67,"column":48}},{"start":{"line":67,"column":48},"end":{"line":67,"column":null}}],"line":67},"1":{"loc":{"start":{"line":95,"column":4},"end":{"line":96,"column":null}},"type":"binary-expr","locations":[{"start":{"line":95,"column":4},"end":{"line":95,"column":null}},{"start":{"line":96,"column":4},"end":{"line":96,"column":null}}],"line":95},"2":{"loc":{"start":{"line":120,"column":2},"end":{"line":128,"column":null}},"type":"if","locations":[{"start":{"line":120,"column":2},"end":{"line":128,"column":null}},{"start":{},"end":{}}],"line":120},"3":{"loc":{"start":{"line":130,"column":2},"end":{"line":138,"column":null}},"type":"if","locations":[{"start":{"line":130,"column":2},"end":{"line":138,"column":null}},{"start":{},"end":{}}],"line":130},"4":{"loc":{"start":{"line":143,"column":20},"end":{"line":143,"column":null}},"type":"binary-expr","locations":[{"start":{"line":143,"column":20},"end":{"line":143,"column":41}},{"start":{"line":143,"column":41},"end":{"line":143,"column":null}}],"line":143},"5":{"loc":{"start":{"line":144,"column":2},"end":{"line":152,"column":null}},"type":"if","locations":[{"start":{"line":144,"column":2},"end":{"line":152,"column":null}},{"start":{},"end":{}}],"line":144},"6":{"loc":{"start":{"line":144,"column":6},"end":{"line":144,"column":78}},"type":"binary-expr","locations":[{"start":{"line":144,"column":6},"end":{"line":144,"column":26}},{"start":{"line":144,"column":26},"end":{"line":144,"column":78}}],"line":144},"7":{"loc":{"start":{"line":157,"column":20},"end":{"line":157,"column":null}},"type":"binary-expr","locations":[{"start":{"line":157,"column":20},"end":{"line":157,"column":50}},{"start":{"line":157,"column":50},"end":{"line":157,"column":null}}],"line":157},"8":{"loc":{"start":{"line":158,"column":2},"end":{"line":167,"column":null}},"type":"if","locations":[{"start":{"line":158,"column":2},"end":{"line":167,"column":null}},{"start":{},"end":{}}],"line":158},"9":{"loc":{"start":{"line":158,"column":6},"end":{"line":158,"column":65}},"type":"binary-expr","locations":[{"start":{"line":158,"column":6},"end":{"line":158,"column":23}},{"start":{"line":158,"column":23},"end":{"line":158,"column":65}}],"line":158},"10":{"loc":{"start":{"line":177,"column":4},"end":{"line":180,"column":null}},"type":"if","locations":[{"start":{"line":177,"column":4},"end":{"line":180,"column":null}},{"start":{},"end":{}}],"line":177},"11":{"loc":{"start":{"line":181,"column":19},"end":{"line":181,"column":null}},"type":"binary-expr","locations":[{"start":{"line":181,"column":19},"end":{"line":181,"column":36}},{"start":{"line":181,"column":36},"end":{"line":181,"column":null}}],"line":181},"12":{"loc":{"start":{"line":182,"column":4},"end":{"line":189,"column":null}},"type":"if","locations":[{"start":{"line":182,"column":4},"end":{"line":189,"column":null}},{"start":{},"end":{}}],"line":182},"13":{"loc":{"start":{"line":182,"column":8},"end":{"line":182,"column":75}},"type":"binary-expr","locations":[{"start":{"line":182,"column":8},"end":{"line":182,"column":28}},{"start":{"line":182,"column":28},"end":{"line":182,"column":75}}],"line":182},"14":{"loc":{"start":{"line":195,"column":17},"end":{"line":195,"column":null}},"type":"binary-expr","locations":[{"start":{"line":195,"column":17},"end":{"line":195,"column":45}},{"start":{"line":195,"column":45},"end":{"line":195,"column":null}}],"line":195},"15":{"loc":{"start":{"line":196,"column":2},"end":{"line":198,"column":null}},"type":"if","locations":[{"start":{"line":196,"column":2},"end":{"line":198,"column":null}},{"start":{},"end":{}}],"line":196},"16":{"loc":{"start":{"line":196,"column":6},"end":{"line":196,"column":42}},"type":"binary-expr","locations":[{"start":{"line":196,"column":6},"end":{"line":196,"column":17}},{"start":{"line":196,"column":17},"end":{"line":196,"column":42}}],"line":196},"17":{"loc":{"start":{"line":200,"column":2},"end":{"line":202,"column":null}},"type":"if","locations":[{"start":{"line":200,"column":2},"end":{"line":202,"column":null}},{"start":{},"end":{}}],"line":200},"18":{"loc":{"start":{"line":205,"column":2},"end":{"line":207,"column":null}},"type":"if","locations":[{"start":{"line":205,"column":2},"end":{"line":207,"column":null}},{"start":{},"end":{}}],"line":205},"19":{"loc":{"start":{"line":218,"column":2},"end":{"line":220,"column":null}},"type":"if","locations":[{"start":{"line":218,"column":2},"end":{"line":220,"column":null}},{"start":{},"end":{}}],"line":218},"20":{"loc":{"start":{"line":218,"column":6},"end":{"line":218,"column":92}},"type":"binary-expr","locations":[{"start":{"line":218,"column":6},"end":{"line":218,"column":34}},{"start":{"line":218,"column":34},"end":{"line":218,"column":92}}],"line":218},"21":{"loc":{"start":{"line":238,"column":2},"end":{"line":240,"column":null}},"type":"if","locations":[{"start":{"line":238,"column":2},"end":{"line":240,"column":null}},{"start":{},"end":{}}],"line":238},"22":{"loc":{"start":{"line":242,"column":4},"end":{"line":243,"column":null}},"type":"binary-expr","locations":[{"start":{"line":242,"column":4},"end":{"line":242,"column":null}},{"start":{"line":243,"column":4},"end":{"line":243,"column":null}}],"line":242},"23":{"loc":{"start":{"line":245,"column":4},"end":{"line":247,"column":null}},"type":"binary-expr","locations":[{"start":{"line":245,"column":4},"end":{"line":245,"column":null}},{"start":{"line":246,"column":4},"end":{"line":246,"column":null}},{"start":{"line":247,"column":4},"end":{"line":247,"column":null}}],"line":245},"24":{"loc":{"start":{"line":247,"column":43},"end":{"line":247,"column":71}},"type":"binary-expr","locations":[{"start":{"line":247,"column":43},"end":{"line":247,"column":64}},{"start":{"line":247,"column":64},"end":{"line":247,"column":71}}],"line":247},"25":{"loc":{"start":{"line":248,"column":9},"end":{"line":248,"column":null}},"type":"binary-expr","locations":[{"start":{"line":248,"column":9},"end":{"line":248,"column":25}},{"start":{"line":248,"column":25},"end":{"line":248,"column":null}}],"line":248},"26":{"loc":{"start":{"line":261,"column":20},"end":{"line":261,"column":null}},"type":"binary-expr","locations":[{"start":{"line":261,"column":20},"end":{"line":261,"column":47}},{"start":{"line":261,"column":47},"end":{"line":261,"column":null}}],"line":261},"27":{"loc":{"start":{"line":270,"column":11},"end":{"line":270,"column":null}},"type":"cond-expr","locations":[{"start":{"line":270,"column":35},"end":{"line":270,"column":44}},{"start":{"line":270,"column":44},"end":{"line":270,"column":null}}],"line":270},"28":{"loc":{"start":{"line":272,"column":8},"end":{"line":272,"column":null}},"type":"binary-expr","locations":[{"start":{"line":272,"column":8},"end":{"line":272,"column":35}},{"start":{"line":272,"column":35},"end":{"line":272,"column":null}}],"line":272}},"s":{"0":176,"1":5,"2":23,"3":5,"4":5,"5":5,"6":5,"7":5,"8":5,"9":5,"10":5,"11":10,"12":5,"13":6,"14":46,"15":46,"16":108,"17":46,"18":4,"19":8,"20":46,"21":108,"22":46,"23":4,"24":10,"25":46,"26":10,"27":10,"28":5,"29":5,"30":10,"31":1,"32":4,"33":46,"34":46,"35":89,"36":10,"37":10,"38":79,"39":89,"40":1,"41":46,"42":46,"43":46,"44":19,"45":27,"46":56,"47":27,"48":2,"49":25,"50":25,"51":25,"52":23,"53":2,"54":46,"55":44,"56":2,"57":46,"58":18,"59":28,"60":30,"61":46,"62":10,"63":46,"64":46,"65":46,"66":46},"f":{"0":176,"1":23,"2":5,"3":10,"4":6,"5":46,"6":108,"7":8,"8":108,"9":10,"10":10,"11":46,"12":46,"13":56,"14":46,"15":46,"16":30,"17":10,"18":46},"b":{"0":[176,170],"1":[23,9],"2":[4,42],"3":[4,42],"4":[10,0],"5":[5,5],"6":[10,10],"7":[5,0],"8":[1,9],"9":[10,5],"10":[10,79],"11":[79,0],"12":[1,88],"13":[89,78],"14":[46,18],"15":[19,27],"16":[46,31],"17":[2,25],"18":[23,2],"19":[44,2],"20":[46,28],"21":[18,28],"22":[28,27],"23":[46,9,8],"24":[10,0],"25":[46,27],"26":[46,45],"27":[29,17],"28":[46,2]},"meta":{"lastBranch":29,"lastFunction":19,"lastStatement":67,"seen":{"f:63:16:63:33":0,"s:67:2:67:Infinity":0,"b:67:9:67:48:67:48:67:Infinity":0,"s:75:52:78:Infinity":1,"f:90:16:90:35":1,"s:94:2:96:Infinity":2,"b:95:4:95:Infinity:96:4:96:Infinity":1,"f:96:32:96:38":2,"s:96:50:96:85":3,"s:100:27:100:Infinity":4,"s:103:30:103:Infinity":5,"s:105:32:105:Infinity":6,"s:107:25:107:Infinity":7,"s:109:20:109:Infinity":8,"s:111:29:111:Infinity":9,"s:113:6:113:Infinity":10,"f:113:6:113:12":3,"s:113:38:113:Infinity":11,"s:114:6:115:Infinity":12,"f:114:6:114:13":4,"s:115:2:115:Infinity":13,"f:117:9:117:24":5,"s:118:41:118:Infinity":14,"s:119:17:119:Infinity":15,"f:119:26:119:34":6,"s:119:46:119:73":16,"b:120:2:128:Infinity:undefined:undefined:undefined:undefined":2,"s:120:2:128:Infinity":17,"s:121:4:127:Infinity":18,"f:125:18:125:23":7,"s:125:35:125:48":19,"s:129:21:129:Infinity":20,"f:129:30:129:38":8,"s:129:50:129:78":21,"b:130:2:138:Infinity:undefined:undefined:undefined:undefined":3,"s:130:2:138:Infinity":22,"s:131:4:137:Infinity":23,"f:135:22:135:27":9,"s:135:39:135:52":24,"s:139:2:139:Infinity":25,"f:142:9:142:29":10,"s:143:20:143:Infinity":26,"b:143:20:143:41:143:41:143:Infinity":4,"b:144:2:152:Infinity:undefined:undefined:undefined:undefined":5,"s:144:2:152:Infinity":27,"b:144:6:144:26:144:26:144:78":6,"s:145:4:151:Infinity":28,"s:157:20:157:Infinity":29,"b:157:20:157:50:157:50:157:Infinity":7,"b:158:2:167:Infinity:undefined:undefined:undefined:undefined":8,"s:158:2:167:Infinity":30,"b:158:6:158:23:158:23:158:65":9,"s:159:4:166:Infinity":31,"s:168:2:168:Infinity":32,"f:171:9:171:Infinity":11,"s:175:41:175:Infinity":33,"s:176:2:190:Infinity":34,"b:177:4:180:Infinity:undefined:undefined:undefined:undefined":10,"s:177:4:180:Infinity":35,"s:178:6:178:Infinity":36,"s:179:6:179:Infinity":37,"s:181:19:181:Infinity":38,"b:181:19:181:36:181:36:181:Infinity":11,"b:182:4:189:Infinity:undefined:undefined:undefined:undefined":12,"s:182:4:189:Infinity":39,"b:182:8:182:28:182:28:182:75":13,"s:183:6:188:Infinity":40,"s:191:2:191:Infinity":41,"f:194:9:194:29":12,"s:195:17:195:Infinity":42,"b:195:17:195:45:195:45:195:Infinity":14,"b:196:2:198:Infinity:undefined:undefined:undefined:undefined":15,"s:196:2:198:Infinity":43,"b:196:6:196:17:196:17:196:42":16,"s:197:4:197:Infinity":44,"s:199:19:199:Infinity":45,"f:199:32:199:40":13,"s:199:50:199:59":46,"b:200:2:202:Infinity:undefined:undefined:undefined:undefined":17,"s:200:2:202:Infinity":47,"s:201:4:201:Infinity":48,"s:203:19:203:Infinity":49,"s:204:18:204:Infinity":50,"b:205:2:207:Infinity:undefined:undefined:undefined:undefined":18,"s:205:2:207:Infinity":51,"s:206:4:
[...]
n":27},"end":{"line":25,"column":null}},"1":{"start":{"line":28,"column":36},"end":{"line":28,"column":null}},"2":{"start":{"line":30,"column":36},"end":{"line":30,"column":null}},"3":{"start":{"line":41,"column":13},"end":{"line":41,"column":null}},"4":{"start":{"line":42,"column":14},"end":{"line":42,"column":null}},"5":{"start":{"line":43,"column":2},"end":{"line":47,"column":null}},"6":{"start":{"line":43,"column":15},"end":{"line":43,"column":18}},"7":{"start":{"line":44,"column":18},"end":{"line":44,"column":null}},"8":{"start":{"line":45,"column":4},"end":{"line":45,"column":null}},"9":{"start":{"line":46,"column":4},"end":{"line":46,"column":null}},"10":{"start":{"line":48,"column":2},"end":{"line":48,"column":null}},"11":{"start":{"line":68,"column":2},"end":{"line":70,"column":null}},"12":{"start":{"line":69,"column":4},"end":{"line":69,"column":null}},"13":{"start":{"line":71,"column":20},"end":{"line":71,"column":null}},"14":{"start":{"line":71,"column":50},"end":{"line":71,"column":63}},"15":{"start":{"line":72,"column":2},"end":{"line":74,"column":null}},"16":{"start":{"line":73,"column":4},"end":{"line":73,"column":null}},"17":{"start":{"line":75,"column":2},"end":{"line":75,"column":null}},"18":{"start":{"line":88,"column":20},"end":{"line":88,"column":null}},"19":{"start":{"line":90,"column":2},"end":{"line":92,"column":null}},"20":{"start":{"line":91,"column":4},"end":{"line":91,"column":null}},"21":{"start":{"line":94,"column":27},"end":{"line":94,"column":null}},"22":{"start":{"line":95,"column":2},"end":{"line":102,"column":null}},"23":{"start":{"line":95,"column":15},"end":{"line":95,"column":18}},"24":{"start":{"line":96,"column":20},"end":{"line":96,"column":null}},"25":{"start":{"line":97,"column":21},"end":{"line":97,"column":null}},"26":{"start":{"line":98,"column":4},"end":{"line":100,"column":null}},"27":{"start":{"line":99,"column":6},"end":{"line":99,"column":null}},"28":{"start":{"line":101,"column":4},"end":{"line":101,"column":null}},"29":{"start":{"line":104,"column":15},"end":{"line":104,"column":null}},"30":{"start":{"line":104,"column":41},"end":{"line":104,"column":50}},"31":{"start":{"line":105,"column":18},"end":{"line":105,"column":null}},"32":{"start":{"line":105,"column":38},"end":{"line":105,"column":52}},"33":{"start":{"line":106,"column":24},"end":{"line":106,"column":null}},"34":{"start":{"line":106,"column":43},"end":{"line":106,"column":49}},"35":{"start":{"line":107,"column":24},"end":{"line":107,"column":null}},"36":{"start":{"line":107,"column":45},"end":{"line":107,"column":59}},"37":{"start":{"line":117,"column":2},"end":{"line":119,"column":null}},"38":{"start":{"line":118,"column":4},"end":{"line":118,"column":null}},"39":{"start":{"line":120,"column":2},"end":{"line":122,"column":null}},"40":{"start":{"line":121,"column":4},"end":{"line":121,"column":null}},"41":{"start":{"line":123,"column":2},"end":{"line":125,"column":null}},"42":{"start":{"line":124,"column":4},"end":{"line":124,"column":null}},"43":{"start":{"line":126,"column":2},"end":{"line":126,"column":null}},"44":{"start":{"line":140,"column":15},"end":{"line":140,"column":null}},"45":{"start":{"line":141,"column":19},"end":{"line":141,"column":null}},"46":{"start":{"line":142,"column":49},"end":{"line":142,"column":null}},"47":{"start":{"line":144,"column":2},"end":{"line":146,"column":null}},"48":{"start":{"line":145,"column":4},"end":{"line":145,"column":null}},"49":{"start":{"line":147,"column":2},"end":{"line":147,"column":null}}},"fnMap":{"0":{"name":"maxDrawdown","decl":{"start":{"line":40,"column":9},"end":{"line":40,"column":21}},"loc":{"start":{"line":40,"column":57},"end":{"line":49,"column":null}},"line":40},"1":{"name":"isStepwiseGrowth","decl":{"start":{"line":61,"column":9},"end":{"line":61,"column":null}},"loc":{"start":{"line":67,"column":11},"end":{"line":76,"column":null}},"line":67},"2":{"name":"(anonymous_2)","decl":{"start":{"line":71,"column":27},"end":{"line":71,"column":35}},"loc":{"start":{"line":71,"column":50},"end":{"line":71,"column":63}},"line":71},"3":{"name":"classifyTrend","decl":{"start":{"line":87,"column":16},"end":{"line":87,"column":30}},"loc":{"start":{"line":87,"column":99},"end":{"line":127,"column":null}},"line":87},"4":{"name":"(anonymous_4)","decl":{"start":{"line":104,"column":22},"end":{"line":104,"column":30}},"loc":{"start":{"line":104,"column":41},"end":{"line":104,"column":50}},"line":104},"5":{"name":"(anonymous_5)","decl":{"start":{"line":105,"column":25},"end":{"line":105,"column":32}},"loc":{"start":{"line":105,"column":38},"end":{"line":105,"column":52}},"line":105},"6":{"name":"(anonymous_6)","decl":{"start":{"line":106,"column":31},"end":{"line":106,"column":37}},"loc":{"start":{"line":106,"column":43},"end":{"line":106,"column":49}},"line":106},"7":{"name":"(anonymous_7)","decl":{"start":{"line":107,"column":31},"end":{"line":107,"column":39}},"loc":{"start":{"line":107,"column":45},"end":{"line":107,"column":59}},"line":107},"8":{"name":"classifyMemoryTrend","decl":{"start":{"line":135,"column":16},"end":{"line":135,"column":null}},"loc":{"start":{"line":139,"column":15},"end":{"line":148,"column":null}},"line":139}},"branchMap":{"0":{"loc":{"start":{"line":41,"column":13},"end":{"line":41,"column":null}},"type":"binary-expr","locations":[{"start":{"line":41,"column":13},"end":{"line":41,"column":27}},{"start":{"line":41,"column":27},"end":{"line":41,"column":null}}],"line":41},"1":{"loc":{"start":{"line":44,"column":18},"end":{"line":44,"column":null}},"type":"binary-expr","locations":[{"start":{"line":44,"column":18},"end":{"line":44,"column":32}},{"start":{"line":44,"column":32},"end":{"line":44,"column":null}}],"line":44},"2":{"loc":{"start":{"line":68,"column":2},"end":{"line":70,"column":null}},"type":"if","locations":[{"start":{"line":68,"column":2},"end":{"line":70,"column":null}},{"start":{},"end":{}}],"line":68},"3":{"loc":{"start":{"line":68,"column":6},"end":{"line":68,"column":71}},"type":"binary-expr","locations":[{"start":{"line":68,"column":6},"end":{"line":68,"column":53}},{"start":{"line":68,"column":53},"end":{"line":68,"column":71}}],"line":68},"4":{"loc":{"start":{"line":72,"column":2},"end":{"line":74,"column":null}},"type":"if","locations":[{"start":{"line":72,"column":2},"end":{"line":74,"column":null}},{"start":{},"end":{}}],"line":72},"5":{"loc":{"start":{"line":87,"column":58},"end":{"line":87,"column":99}},"type":"default-arg","locations":[{"start":{"line":87,"column":82},"end":{"line":87,"column":99}}],"line":87},"6":{"loc":{"start":{"line":88,"column":20},"end":{"line":88,"column":null}},"type":"binary-expr","locations":[{"start":{"line":88,"column":20},"end":{"line":88,"column":49}},{"start":{"line":88,"column":49},"end":{"line":88,"column":null}}],"line":88},"7":{"loc":{"start":{"line":90,"column":2},"end":{"line":92,"column":null}},"type":"if","locations":[{"start":{"line":90,"column":2},"end":{"line":92,"column":null}},{"start":{},"end":{}}],"line":90},"8":{"loc":{"start":{"line":98,"column":4},"end":{"line":100,"column":null}},"type":"if","locations":[{"start":{"line":98,"column":4},"end":{"line":100,"column":null}},{"start":{},"end":{}}],"line":98},"9":{"loc":{"start":{"line":98,"column":8},"end":{"line":98,"column":57}},"type":"binary-expr","locations":[{"start":{"line":98,"column":8},"end":{"line":98,"column":33}},{"start":{"line":98,"column":33},"end":{"line":98,"column":57}}],"line":98},"10":{"loc":{"start":{"line":117,"column":2},"end":{"line":119,"column":null}},"type":"if","locations":[{"start":{"line":117,"column":2},"end":{"line":119,"column":null}},{"start":{},"end":{}}],"line":117},"11":{"loc":{"start":{"line":120,"column":2},"end":{"line":122,"column":null}},"type":"if","locations":[{"start":{"line":120,"column":2},"end":{"line":122,"column":null}},{"start":{},"end":{}}],"line":120},"12":{"loc":{"start":{"line":123,"column":2},"end":{"line":125,"column":null}},"type":"if","locations":[{"start":{"line":123,"column":2},"end":{"line":125,"column":null}},{"start":{},"end":{}}],"line":123},"13":{"loc":{"start":{"line":123,"column":6},"end":{"line":123,"column":41}},"type":"binary-expr","locations":[{"start":{"line":123,"column":6},"end":{"line":123,"column":23}},{"start":{"line":123,"column":23},"end":{"line":123,"column":41}}],"line":123},"14":{"loc":{"start":{"line":138,"column":2},"end":{"line":138,"column":null}},"type":"default-arg","locations":[{"start":{"line":138,"column":26},"end":{"line":138,"column":null}}],"line":138},"15":{"loc":{"start":{"line":144,"column":2},"end":{"line":146,"column":null}},"type":"if","locations":[{"start":{"line":144,"column":2},"end":{"line":146,"column":null}},{"start":{},"end":{}}],"line":144}},"s":{"0":5,"1":5,"2":5,"3":4,"4":4,"5":4,"6":4,"7":20,"8":20,"9":20,"10":4,"11":51,"12":47,"13":4,"14":16,"15":4,"16":0,"17":4,"18":65,"19":65,"20":1,"21":64,"22":64,"23":64,"24":137,"25":137,"26":137,"27":0,"28":137,"29":64,"30":137,"31":64,"32":87,"33":64,"34":94,"35":64,"36":137,"37":64,"38":13,"39":51,"40":3,"41":48,"42":44,"43":4,"44":12,"45":12,"46":12,"47":12,"48":4,"49":8},"f":{"0":4,"1":51,"2":16,"3":65,"4":137,"5":87,"6":94,"7":137,"8":12},"b":{"0":[4,0],"1":[20,0],"2":[47,4],"3":[51,4],"4":[0,4],"5":[65],"6":[65,41],"7":[1,64],"8":[0,137],"9":[137,137],"10":[13,51],"11":[3,48],"12":[44,4],"13":[48,9],"14":[12],"15":[4,8]},"meta":{"lastBranch":16,"lastFunction":9,"lastStatement":50,"seen":{"s:25:27:25:Infinity":0,"s:28:36:28:Infinity":1,"s:30:36:30:Infinity":2,"f:40:9:40:21":0,"s:41:13:41:Infinity":3,"b:41:13:41:27:41:27:41:Infinity":0,"s:42:14:42:Infinity":4,"s:43:2:47:Infinity":5,"s:43:15:43:18":6,"s:44:18:44:Infinity":7,"b:44:18:44:32:44:32:44:Infinity":1,"s:45:4:45:Infinity":8,"s:46:4:46:Infinity":9,"s:48:2:48:Infinity":10,"f:61:9:61:Infinity":1,"b:68:2:70:Infinity:undefined:undefined:undefined:undefined":2,"s:68:2:70:Infinity":11,"b:68:6:68:53:68:53:68:71":3,"s:69:4:69:Infinity":12,"s:71:20:71:Infinity":13,"f:71:27:71:35":2,"s:71:50:71:63":14,"b:72:2:74:Infinity:undefined:undefined:undefined:undefined":4,"s:72:2:74:Infinity":15,"s:73:4:73:Infinity":16,"s:75:2:75:Infinity":17,"f:87:16:87:30":3,"b:87:82:87:99":5,"s:88:20:88:Infinity":18,"b:88:20:88:49:88:49:88:Infinity":6,"b:90:2:92:Infinity:undefined:undefined:undefined:undefined":7,"s:90:2:92:Infinity":19,"s:91:4:91:Infinity":20,"s:94:27:94:Infinity":21,"s:95:2:102:Infinity":22,"s:95:15:95:18":23,"s:96:20:96:Infinity":24,"s:97:21:97:Infinity":25,"b:98:4:100:Infinity:undefined:undefined:undefined:undefined":8,"s:98:4:100:Infinity":26,"b:98:8:98:33:98:33:98:57":9,"s:99:6:99:Infinity":27,"s:101:4:101:Infinity":28,"s:104:15:104:Infinity":29,"f:104:22:104:30":4,"s:104:41:104:50":30,"s:105:18:105:Infinity":31,"f:105:25:105:32":5,"s:105:38:105:52":32,"s:106:24:106:Infinity":33,"f:106:31:106:37":6,"s:106:43:106:49":34,"s:107:24:107:Infinity":35,"f:107:31:107:39":7,"s:107:45:107:59":36,"b:117:2:119:Infinity:undefined:undefined:undefined:undefined":10,"s:117:2:119:Infinity":37,"s:118:4:118:Infinity":38,"b:120:2:122:Infinity:undefined:undefined:undefined:undefined":11,"s:120:2:122:Infinity":39,"s:121:4:121:Infinity":40,"b:123:2:125:Infinity:undefined:undefined:undefined:undefined":12,"s:123:2:125:Infinity":41,"b:123:6:123:23:123:23:123:41":13,"s:124:4:124:Infinity":42,"s:126:2:126:Infinity":43,"f:135:16:135:Infinity":8,"b:138:26:138:Infinity":14,"s:140:15:140:Infinity":44,"s:141:19:141:Infinity":45,"s:142:49:142:Infinity":46,"b:144:2:146:Infinity:undefined:undefined:undefined:undefined":15,"s:144:2:146:Infinity":47,"s:145:4:145:Infinity":48,"s:147:2:147:Infinity":49},"fnNames":{}}}
,"/Users/xlameiro/Projects/me/testing-poc-4/next-leak/src/vlq.ts": {"path":"/Users/xlameiro/Projects/me/testing-poc-4/next-leak/src/vlq.ts","statementMap":{"0":{"start":{"line":1,"column":15},"end":{"line":1,"column":null}},"1":{"start":{"line":2,"column":22},"end":{"line":2,"column":null}},"2":{"start":{"line":2,"column":79},"end":{"line":2,"column":92}},"3":{"start":{"line":6,"column":27},"end":{"line":6,"column":null}},"4":{"start":{"line":7,"column":14},"end":{"line":7,"column":null}},"5":{"start":{"line":8,"column":14},"end":{"line":8,"column":null}},"6":{"start":{"line":9,"column":2},"end":{"line":22,"column":null}},"7":{"start":{"line":10,"column":18},"end":{"line":10,"column":null}},"8":{"start":{"line":11,"column":4},"end":{"line":13,"column":null}},"9":{"start":{"line":12,"column":6},"end":{"line":12,"column":null}},"10":{"start":{"line":14,"column":4},"end":{"line":14,"column":null}},"11":{"start":{"line":15,"column":4},"end":{"line":21,"column":null}},"12":{"start":{"line":16,"column":6},"end":{"line":16,"column":null}},"13":{"start":{"line":18,"column":6},"end":{"line":18,"column":null}},"14":{"start":{"line":19,"column":6},"end":{"line":19,"column":null}},"15":{"start":{"line":20,"column":6},"end":{"line":20,"column":null}},"16":{"start":{"line":23,"column":2},"end":{"line":23,"column":null}},"17":{"start":{"line":27,"column":31},"end":{"line":27,"column":null}},"18":{"start":{"line":28,"column":2},"end":{"line":32,"column":null}},"19":{"start":{"line":29,"column":4},"end":{"line":31,"column":null}},"20":{"start":{"line":30,"column":6},"end":{"line":30,"column":null}},"21":{"start":{"line":33,"column":2},"end":{"line":33,"column":null}},"22":{"start":{"line":46,"column":31},"end":{"line":46,"column":null}},"23":{"start":{"line":47,"column":20},"end":{"line":47,"column":null}},"24":{"start":{"line":48,"column":2},"end":{"line":63,"column":null}},"25":{"start":{"line":49,"column":44},"end":{"line":49,"column":null}},"26":{"start":{"line":50,"column":17},"end":{"line":50,"column":null}},"27":{"start":{"line":51,"column":4},"end":{"line":61,"column":null}},"28":{"start":{"line":52,"column":26},"end":{"line":52,"column":null}},"29":{"start":{"line":53,"column":6},"end":{"line":55,"column":null}},"30":{"start":{"line":54,"column":8},"end":{"line":54,"column":null}},"31":{"start":{"line":56,"column":6},"end":{"line":56,"column":null}},"32":{"start":{"line":57,"column":6},"end":{"line":60,"column":null}},"33":{"start":{"line":58,"column":8},"end":{"line":58,"column":null}},"34":{"start":{"line":59,"column":8},"end":{"line":59,"column":null}},"35":{"start":{"line":62,"column":4},"end":{"line":62,"column":null}},"36":{"start":{"line":64,"column":2},"end":{"line":64,"column":null}},"37":{"start":{"line":73,"column":18},"end":{"line":73,"column":null}},"38":{"start":{"line":74,"column":2},"end":{"line":76,"column":null}},"39":{"start":{"line":75,"column":4},"end":{"line":75,"column":null}},"40":{"start":{"line":78,"column":2},"end":{"line":83,"column":null}},"41":{"start":{"line":79,"column":4},"end":{"line":81,"column":null}},"42":{"start":{"line":80,"column":6},"end":{"line":80,"column":null}},"43":{"start":{"line":82,"column":4},"end":{"line":82,"column":null}},"44":{"start":{"line":84,"column":2},"end":{"line":84,"column":null}}},"fnMap":{"0":{"name":"(anonymous_0)","decl":{"start":{"line":2,"column":58},"end":{"line":2,"column":63}},"loc":{"start":{"line":2,"column":79},"end":{"line":2,"column":92}},"line":2},"1":{"name":"decodeVlqSegment","decl":{"start":{"line":5,"column":9},"end":{"line":5,"column":26}},"loc":{"start":{"line":5,"column":49},"end":{"line":24,"column":null}},"line":5},"2":{"name":"decodeVlqLine","decl":{"start":{"line":26,"column":16},"end":{"line":26,"column":30}},"loc":{"start":{"line":26,"column":56},"end":{"line":34,"column":null}},"line":26},"3":{"name":"decodeMappings","decl":{"start":{"line":45,"column":16},"end":{"line":45,"column":31}},"loc":{"start":{"line":45,"column":64},"end":{"line":65,"column":null}},"line":45},"4":{"name":"sourceIndexAt","decl":{"start":{"line":68,"column":16},"end":{"line":68,"column":null}},"loc":{"start":{"line":72,"column":22},"end":{"line":85,"column":null}},"line":72}},"branchMap":{"0":{"loc":{"start":{"line":11,"column":4},"end":{"line":13,"column":null}},"type":"if","locations":[{"start":{"line":11,"column":4},"end":{"line":13,"column":null}},{"start":{},"end":{}}],"line":11},"1":{"loc":{"start":{"line":15,"column":4},"end":{"line":21,"column":null}},"type":"if","locations":[{"start":{"line":15,"column":4},"end":{"line":21,"column":null}},{"start":{"line":17,"column":11},"end":{"line":21,"column":null}}],"line":15},"2":{"loc":{"start":{"line":18,"column":13},"end":{"line":18,"column":66}},"type":"cond-expr","locations":[{"start":{"line":18,"column":38},"end":{"line":18,"column":55}},{"start":{"line":18,"column":55},"end":{"line":18,"column":66}}],"line":18},"3":{"loc":{"start":{"line":29,"column":4},"end":{"line":31,"column":null}},"type":"if","locations":[{"start":{"line":29,"column":4},"end":{"line":31,"column":null}},{"start":{},"end":{}}],"line":29},"4":{"loc":{"start":{"line":53,"column":6},"end":{"line":55,"column":null}},"type":"if","locations":[{"start":{"line":53,"column":6},"end":{"line":55,"column":null}},{"start":{},"end":{}}],"line":53},"5":{"loc":{"start":{"line":57,"column":6},"end":{"line":60,"column":null}},"type":"if","locations":[{"start":{"line":57,"column":6},"end":{"line":60,"column":null}},{"start":{},"end":{}}],"line":57},"6":{"loc":{"start":{"line":58,"column":23},"end":{"line":58,"column":null}},"type":"binary-expr","locations":[{"start":{"line":58,"column":23},"end":{"line":58,"column":37}},{"start":{"line":58,"column":37},"end":{"line":58,"column":null}}],"line":58},"7":{"loc":{"start":{"line":74,"column":2},"end":{"line":76,"column":null}},"type":"if","locations":[{"start":{"line":74,"column":2},"end":{"line":76,"column":null}},{"start":{},"end":{}}],"line":74},"8":{"loc":{"start":{"line":79,"column":4},"end":{"line":81,"column":null}},"type":"if","locations":[{"start":{"line":79,"column":4},"end":{"line":81,"column":null}},{"start":{},"end":{}}],"line":79}},"s":{"0":4,"1":4,"2":256,"3":36,"4":36,"5":36,"6":36,"7":157,"8":157,"9":1,"10":156,"11":156,"12":25,"13":131,"14":131,"15":131,"16":35,"17":30,"18":30,"19":38,"20":36,"21":29,"22":21,"23":21,"24":21,"25":25,"26":25,"27":25,"28":30,"29":30,"30":0,"31":30,"32":30,"33":30,"34":30,"35":25,"36":21,"37":6,"38":6,"39":1,"40":5,"41":9,"42":2,"43":7,"44":5},"f":{"0":256,"1":36,"2":30,"3":21,"4":6},"b":{"0":[1,156],"1":[25,131],"2":[1,130],"3":[36,2],"4":[0,30],"5":[30,0],"6":[30,0],"7":[1,5],"8":[2,7]},"meta":{"lastBranch":9,"lastFunction":5,"lastStatement":45,"seen":{"s:1:15:1:Infinity":0,"s:2:22:2:Infinity":1,"f:2:58:2:63":0,"s:2:79:2:92":2,"f:5:9:5:26":1,"s:6:27:6:Infinity":3,"s:7:14:7:Infinity":4,"s:8:14:8:Infinity":5,"s:9:2:22:Infinity":6,"s:10:18:10:Infinity":7,"b:11:4:13:Infinity:undefined:undefined:undefined:undefined":0,"s:11:4:13:Infinity":8,"s:12:6:12:Infinity":9,"s:14:4:14:Infinity":10,"b:15:4:21:Infinity:17:11:21:Infinity":1,"s:15:4:21:Infinity":11,"s:16:6:16:Infinity":12,"s:18:6:18:Infinity":13,"b:18:38:18:55:18:55:18:66":2,"s:19:6:19:Infinity":14,"s:20:6:20:Infinity":15,"s:23:2:23:Infinity":16,"f:26:16:26:30":2,"s:27:31:27:Infinity":17,"s:28:2:32:Infinity":18,"b:29:4:31:Infinity:undefined:undefined:undefined:undefined":3,"s:29:4:31:Infinity":19,"s:30:6:30:Infinity":20,"s:33:2:33:Infinity":21,"f:45:16:45:31":3,"s:46:31:46:Infinity":22,"s:47:20:47:Infinity":23,"s:48:2:63:Infinity":24,"s:49:44:49:Infinity":25,"s:50:17:50:Infinity":26,"s:51:4:61:Infinity":27,"s:52:26:52:Infinity":28,"b:53:6:55:Infinity:undefined:undefined:undefined:undefined":4,"s:53:6:55:Infinity":29,"s:54:8:54:Infinity":30,"s:56:6:56:Infinity":31,"b:57:6:60:Infinity:undefined:undefined:undefined:undefined":5,"s:57:6:60:Infinity":32,"s:58:8:58:Infinity":33,"b:58:23:58:37:58:37:58:Infinity":6,"s:59:8:59:Infinity":34,"s:62:4:62:Infinity":35,"s:64:2:64:Infinity":36,"f:68:16:68:Infinity":4,"s:73:18:73:Infinity":37,"b:74:2:76:Infinity:undefined:undefined:undefined:undefined":7,"s:74:2:76:Infinity":38,"s:75:4:75:Infinity":39,"s:78:2:83:Infinity":40,"b:79:4:81:Infinity:undefined:undefined:undefined:undefined":8,"s:79:4:81:Infinity":41,"s:80:6:80:Infinity":42,"s:82:4:82:Infinity":43,"s:84:2:84:Infinity":44},"fnNames":{}}}
}
